0 info it worked if it ends with ok
1 verbose cli [ 'node', '/usr/local/bin/npm', 'install', 'node-inspector' ]
2 info using npm@1.4.14
3 info using node@v0.10.29
4 verbose readDependencies using package.json deps
5 verbose cache add [ 'node-inspector', null ]
6 verbose cache add name=undefined spec="node-inspector" args=["node-inspector",null]
7 verbose parsed url { protocol: null,
7 verbose parsed url   slashes: null,
7 verbose parsed url   auth: null,
7 verbose parsed url   host: null,
7 verbose parsed url   port: null,
7 verbose parsed url   hostname: null,
7 verbose parsed url   hash: null,
7 verbose parsed url   search: null,
7 verbose parsed url   query: null,
7 verbose parsed url   pathname: 'node-inspector',
7 verbose parsed url   path: 'node-inspector',
7 verbose parsed url   href: 'node-inspector' }
8 silly lockFile 4198ef9e-node-inspector node-inspector
9 verbose lock node-inspector /Users/adamgavish/.npm/4198ef9e-node-inspector.lock
10 silly lockFile 4198ef9e-node-inspector node-inspector
11 silly lockFile 4198ef9e-node-inspector node-inspector
12 verbose addNamed [ 'node-inspector', '' ]
13 verbose addNamed [ null, '*' ]
14 silly lockFile e68b88da-node-inspector node-inspector@
15 verbose lock node-inspector@ /Users/adamgavish/.npm/e68b88da-node-inspector.lock
16 silly addNameRange { name: 'node-inspector', range: '*', hasData: false }
17 verbose url raw node-inspector
18 verbose url resolving [ 'https://registry.npmjs.org/', './node-inspector' ]
19 verbose url resolved https://registry.npmjs.org/node-inspector
20 info trying registry request attempt 1 at 14:41:27
21 http GET https://registry.npmjs.org/node-inspector
22 http 200 https://registry.npmjs.org/node-inspector
23 silly registry.get cb [ 200,
23 silly registry.get   { date: 'Mon, 01 Sep 2014 11:41:27 GMT',
23 silly registry.get     server: 'CouchDB/1.5.0 (Erlang OTP/R16B03)',
23 silly registry.get     etag: '"3P41CTWH3Y3EOJHK096L5GN57"',
23 silly registry.get     'content-type': 'application/json',
23 silly registry.get     'cache-control': 'max-age=60',
23 silly registry.get     'content-length': '74846',
23 silly registry.get     'accept-ranges': 'bytes',
23 silly registry.get     via: '1.1 varnish',
23 silly registry.get     age: '2828',
23 silly registry.get     'x-served-by': 'cache-lcy1122-LCY',
23 silly registry.get     'x-cache': 'HIT',
23 silly registry.get     'x-cache-hits': '1',
23 silly registry.get     'x-timer': 'S1409571687.806931,VS0,VE0',
23 silly registry.get     vary: 'Accept',
23 silly registry.get     'keep-alive': 'timeout=10, max=50',
23 silly registry.get     connection: 'Keep-Alive' } ]
24 silly addNameRange number 2 { name: 'node-inspector', range: '*', hasData: true }
25 silly addNameRange versions [ 'node-inspector',
25 silly addNameRange   [ '0.0.1',
25 silly addNameRange     '0.0.2',
25 silly addNameRange     '0.0.3',
25 silly addNameRange     '0.0.4',
25 silly addNameRange     '0.1.0',
25 silly addNameRange     '0.1.1',
25 silly addNameRange     '0.1.2',
25 silly addNameRange     '0.1.3',
25 silly addNameRange     '0.1.4',
25 silly addNameRange     '0.1.5',
25 silly addNameRange     '0.1.6',
25 silly addNameRange     '0.1.7',
25 silly addNameRange     '0.1.8',
25 silly addNameRange     '0.1.9',
25 silly addNameRange     '0.1.10',
25 silly addNameRange     '0.3.0',
25 silly addNameRange     '0.3.1',
25 silly addNameRange     '0.3.2',
25 silly addNameRange     '0.3.3',
25 silly addNameRange     '0.3.4',
25 silly addNameRange     '0.4.0',
25 silly addNameRange     '0.5.0',
25 silly addNameRange     '0.6.0',
25 silly addNameRange     '0.6.1',
25 silly addNameRange     '0.6.2',
25 silly addNameRange     '0.7.0-1',
25 silly addNameRange     '0.2.0-beta1',
25 silly addNameRange     '0.2.0-beta2',
25 silly addNameRange     '0.2.0-beta3',
25 silly addNameRange     '0.2.0-beta4',
25 silly addNameRange     '0.3.0-preview1',
25 silly addNameRange     '0.7.0-2',
25 silly addNameRange     '0.7.0',
25 silly addNameRange     '0.7.1',
25 silly addNameRange     '0.7.2',
25 silly addNameRange     '0.7.3',
25 silly addNameRange     '0.7.4' ] ]
26 verbose addNamed [ 'node-inspector', '0.7.4' ]
27 verbose addNamed [ '0.7.4', '0.7.4' ]
28 silly lockFile aae362fc-node-inspector-0-7-4 node-inspector@0.7.4
29 verbose lock node-inspector@0.7.4 /Users/adamgavish/.npm/aae362fc-node-inspector-0-7-4.lock
30 silly lockFile ff689745-spector-node-inspector-0-7-4-tgz https://registry.npmjs.org/node-inspector/-/node-inspector-0.7.4.tgz
31 verbose lock https://registry.npmjs.org/node-inspector/-/node-inspector-0.7.4.tgz /Users/adamgavish/.npm/ff689745-spector-node-inspector-0-7-4-tgz.lock
32 verbose addRemoteTarball [ 'https://registry.npmjs.org/node-inspector/-/node-inspector-0.7.4.tgz',
32 verbose addRemoteTarball   '3d07234f0834e7f1e21a1669eceaa224a7be43f2' ]
33 info retry fetch attempt 1 at 14:41:28
34 verbose fetch to= /var/folders/22/qvq13kk111sg_dmqxx06snsc0000gn/T/npm-78219-CfzqcUrb/registry.npmjs.org/node-inspector/-/node-inspector-0.7.4.tgz
35 http GET https://registry.npmjs.org/node-inspector/-/node-inspector-0.7.4.tgz
36 http 200 https://registry.npmjs.org/node-inspector/-/node-inspector-0.7.4.tgz
37 silly lockFile ff689745-spector-node-inspector-0-7-4-tgz https://registry.npmjs.org/node-inspector/-/node-inspector-0.7.4.tgz
38 silly lockFile ff689745-spector-node-inspector-0-7-4-tgz https://registry.npmjs.org/node-inspector/-/node-inspector-0.7.4.tgz
39 silly lockFile aae362fc-node-inspector-0-7-4 node-inspector@0.7.4
40 silly lockFile aae362fc-node-inspector-0-7-4 node-inspector@0.7.4
41 silly lockFile e68b88da-node-inspector node-inspector@
42 silly lockFile e68b88da-node-inspector node-inspector@
43 silly resolved [ { name: 'node-inspector',
43 silly resolved     version: '0.7.4',
43 silly resolved     description: 'Web Inspector based nodeJS debugger',
43 silly resolved     homepage: 'http://github.com/node-inspector/node-inspector',
43 silly resolved     author: { name: 'Danny Coates', email: 'dannycoates@gmail.com' },
43 silly resolved     keywords: [ 'debug', 'debugger', 'inspector', 'profiler' ],
43 silly resolved     repository:
43 silly resolved      { type: 'git',
43 silly resolved        url: 'http://github.com/node-inspector/node-inspector.git' },
43 silly resolved     engines: { node: '>=0.8.0' },
43 silly resolved     bin:
43 silly resolved      { 'node-inspector': './bin/inspector.js',
43 silly resolved        'node-debug': './bin/node-debug.js' },
43 silly resolved     dependencies:
43 silly resolved      { express: '~4.0',
43 silly resolved        async: '~0.8',
43 silly resolved        glob: '~3.2.1',
43 silly resolved        rc: '~0.3.0',
43 silly resolved        'strong-data-uri': '~0.1.0',
43 silly resolved        debug: '~0.8',
43 silly resolved        ws: '~0.4.31',
43 silly resolved        opener: '~1.3.0',
43 silly resolved        yargs: '~1.2.1',
43 silly resolved        which: '~1.0.5' },
43 silly resolved     devDependencies:
43 silly resolved      { mocha: 'latest',
43 silly resolved        chai: 'latest',
43 silly resolved        jshint: '^2.4.4',
43 silly resolved        'fs-extra': '~0.8.1' },
43 silly resolved     preferGlobal: true,
43 silly resolved     scripts: { pretest: 'jshint .', test: 'mocha' },
43 silly resolved     contributors:
43 silly resolved      [ [Object],
43 silly resolved        [Object],
43 silly resolved        [Object],
43 silly resolved        [Object],
43 silly resolved        [Object],
43 silly resolved        [Object],
43 silly resolved        [Object],
43 silly resolved        [Object],
43 silly resolved        [Object],
43 silly resolved        [Object],
43 silly resolved        [Object],
43 silly resolved        [Object],
43 silly resolved        [Object],
43 silly resolved        [Object],
43 silly resolved        [Object],
43 silly resolved        [Object],
43 silly resolved        [Object],
43 silly resolved        [Object],
43 silly resolved        [Object],
43 silly resolved        [Object],
43 silly resolved        [Object],
43 silly resolved        [Object],
43 silly resolved        [Object],
43 silly resolved        [Object],
43 silly resolved        [Object],
43 silly resolved        [Object],
43 silly resolved        [Object],
43 silly resolved        [Object],
43 silly resolved        [Object],
43 silly resolved        [Object],
43 silly resolved        [Object] ],
43 silly resolved     bugs: { url: 'https://github.com/node-inspector/node-inspector/issues' },
43 silly resolved     _id: 'node-inspector@0.7.4',
43 silly resolved     dist:
43 silly resolved      { shasum: '3d07234f0834e7f1e21a1669eceaa224a7be43f2',
43 silly resolved        tarball: 'http://registry.npmjs.org/node-inspector/-/node-inspector-0.7.4.tgz' },
43 silly resolved     _from: 'node-inspector@',
43 silly resolved     _npmVersion: '1.4.3',
43 silly resolved     _npmUser: { name: 'bajtos', email: 'miro.bajtos@gmail.com' },
43 silly resolved     maintainers: [ [Object], [Object], [Object], [Object] ],
43 silly resolved     directories: {},
43 silly resolved     _shasum: '3d07234f0834e7f1e21a1669eceaa224a7be43f2',
43 silly resolved     _resolved: 'https://registry.npmjs.org/node-inspector/-/node-inspector-0.7.4.tgz' } ]
44 info install node-inspector@0.7.4 into /Users/adamgavish/Development/workspace/WhereIsIt
45 info installOne node-inspector@0.7.4
46 info /Users/adamgavish/Development/workspace/WhereIsIt/node_modules/node-inspector unbuild
47 verbose tar unpack /Users/adamgavish/.npm/node-inspector/0.7.4/package.tgz
48 silly lockFile 8c39b972-IsIt-node-modules-node-inspector tar:///Users/adamgavish/Development/workspace/WhereIsIt/node_modules/node-inspector
49 verbose lock tar:///Users/adamgavish/Development/workspace/WhereIsIt/node_modules/node-inspector /Users/adamgavish/.npm/8c39b972-IsIt-node-modules-node-inspector.lock
50 silly lockFile 5215ea9e-node-inspector-0-7-4-package-tgz tar:///Users/adamgavish/.npm/node-inspector/0.7.4/package.tgz
51 verbose lock tar:///Users/adamgavish/.npm/node-inspector/0.7.4/package.tgz /Users/adamgavish/.npm/5215ea9e-node-inspector-0-7-4-package-tgz.lock
52 silly gunzTarPerm modes [ '755', '644' ]
53 silly gunzTarPerm extractEntry package.json
54 silly gunzTarPerm extractEntry README.md
55 silly gunzTarPerm extractEntry LICENSE
56 silly gunzTarPerm extractEntry index.js
57 silly gunzTarPerm extractEntry .jshintignore
58 silly gunzTarPerm extractEntry AUTHORS
59 silly gunzTarPerm extractEntry bin/inspector.js
60 silly gunzTarPerm extractEntry bin/node-debug.js
61 silly gunzTarPerm extractEntry bin/run-repl.js
62 silly gunzTarPerm extractEntry .jshintrc
63 silly gunzTarPerm extractEntry docs/embedding.md
64 silly gunzTarPerm extractEntry front-end/AdvancedSearchController.js
65 silly gunzTarPerm extractEntry front-end/Linkifier.js
66 silly gunzTarPerm extractEntry front-end/LiveEditSupport.js
67 silly gunzTarPerm extractEntry front-end/MemoryStatistics.js
68 silly gunzTarPerm extractEntry front-end/MetricsSidebarPane.js
69 silly gunzTarPerm extractEntry front-end/LayersPanelDescriptor.js
70 silly gunzTarPerm extractEntry front-end/NavigatorOverlayController.js
71 silly gunzTarPerm extractEntry front-end/NavigatorView.js
72 silly gunzTarPerm extractEntry front-end/NetworkItemView.js
73 silly gunzTarPerm extractEntry front-end/NetworkLog.js
74 silly gunzTarPerm extractEntry front-end/NetworkManager.js
75 silly gunzTarPerm extractEntry front-end/LayersPanel.js
76 silly gunzTarPerm extractEntry front-end/NetworkPanel.js
77 silly gunzTarPerm extractEntry front-end/Layers3DView.js
78 silly gunzTarPerm extractEntry front-end/NetworkPanelDescriptor.js
79 silly gunzTarPerm extractEntry front-end/LayerTreeModel.js
80 silly gunzTarPerm extractEntry front-end/NetworkRequest.js
81 silly gunzTarPerm extractEntry front-end/LayerTree.js
82 silly gunzTarPerm extractEntry front-end/NetworkUISourceCodeProvider.js
83 silly gunzTarPerm extractEntry front-end/LayerDetailsView.js
84 silly gunzTarPerm extractEntry front-end/jsdifflib.js
85 silly gunzTarPerm extractEntry front-end/KeyboardShortcut.js
86 silly gunzTarPerm extractEntry front-end/Object.js
87 silly gunzTarPerm extractEntry front-end/JavaScriptSourceFrame.js
88 silly gunzTarPerm extractEntry front-end/ObjectPopoverHelper.js
89 silly gunzTarPerm extractEntry front-end/JavaScriptFormatter.js
90 silly gunzTarPerm extractEntry front-end/ObjectPropertiesSection.js
91 silly gunzTarPerm extractEntry front-end/JSHeapSnapshot.js
92 silly gunzTarPerm extractEntry front-end/OverridesSupport.js
93 silly gunzTarPerm extractEntry front-end/IsolatedFileSystemManager.js
94 silly gunzTarPerm extractEntry front-end/OverridesView.js
95 silly gunzTarPerm extractEntry front-end/IsolatedFileSystem.js
96 silly gunzTarPerm extractEntry front-end/OverviewGrid.js
97 silly gunzTarPerm extractEntry front-end/InspectorView.js
98 silly gunzTarPerm extractEntry front-end/Panel.js
99 silly gunzTarPerm extractEntry front-end/InspectorFrontendHostStub.js
100 silly gunzTarPerm extractEntry front-end/ParsedURL.js
101 silly gunzTarPerm extractEntry front-end/InspectorFrontendAPI.js
102 silly gunzTarPerm extractEntry front-end/Placard.js
103 silly gunzTarPerm extractEntry front-end/InspectorBackendCommands.js
104 silly gunzTarPerm extractEntry front-end/ApplicationCacheItemsView.js
105 silly gunzTarPerm extractEntry front-end/InspectorBackend.js
106 silly gunzTarPerm extractEntry front-end/Popover.js
107 silly gunzTarPerm extractEntry front-end/InspectElementModeController.js
108 silly gunzTarPerm extractEntry front-end/PresentationConsoleMessageHelper.js
109 silly gunzTarPerm extractEntry front-end/IndexedDBViews.js
110 silly gunzTarPerm extractEntry front-end/ProfileDataGridTree.js
111 silly gunzTarPerm extractEntry front-end/IndexedDBModel.js
112 silly gunzTarPerm extractEntry front-end/ProfileLauncherView.js
113 silly gunzTarPerm extractEntry front-end/treeoutline.js
114 silly gunzTarPerm extractEntry front-end/ProfilesPanel.js
115 silly gunzTarPerm extractEntry front-end/ImageView.js
116 silly gunzTarPerm extractEntry front-end/ProfilesPanelDescriptor.js
117 silly gunzTarPerm extractEntry front-end/HelpScreen.js
118 silly gunzTarPerm extractEntry front-end/Progress.js
119 silly gunzTarPerm extractEntry front-end/HeapSnapshotWorkerDispatcher.js
120 silly gunzTarPerm extractEntry front-end/ProgressIndicator.js
121 silly gunzTarPerm extractEntry front-end/HeapSnapshotWorker.js
122 silly gunzTarPerm extractEntry front-end/PropertiesSection.js
123 silly gunzTarPerm extractEntry front-end/HeapSnapshotView.js
124 silly gunzTarPerm extractEntry front-end/PropertiesSidebarPane.js
125 silly gunzTarPerm extractEntry front-end/HeapSnapshotProxy.js
126 silly gunzTarPerm extractEntry front-end/RawSourceCode.js
127 silly gunzTarPerm extractEntry front-end/HeapSnapshotLoader.js
128 silly gunzTarPerm extractEntry front-end/RemoteObject.js
129 silly gunzTarPerm extractEntry front-end/HeapSnapshotGridNodes.js
130 silly gunzTarPerm extractEntry front-end/RequestCookiesView.js
131 silly gunzTarPerm extractEntry front-end/HeapSnapshotDataGrids.js
132 silly gunzTarPerm extractEntry front-end/RequestHTMLView.js
133 silly gunzTarPerm extractEntry front-end/HeapSnapshot.js
134 silly gunzTarPerm extractEntry front-end/RequestHeadersView.js
135 silly gunzTarPerm extractEntry front-end/HandlerRegistry.js
136 silly gunzTarPerm extractEntry front-end/RequestJSONView.js
137 silly gunzTarPerm extractEntry front-end/HAREntry.js
138 silly gunzTarPerm extractEntry front-end/RequestPreviewView.js
139 silly gunzTarPerm extractEntry front-end/GoToLineDialog.js
140 silly gunzTarPerm extractEntry front-end/RequestResponseView.js
141 silly gunzTarPerm extractEntry front-end/FontView.js
142 silly gunzTarPerm extractEntry front-end/RequestTimingView.js
143 silly gunzTarPerm extractEntry front-end/FlameChart.js
144 silly gunzTarPerm extractEntry front-end/RequestView.js
145 silly gunzTarPerm extractEntry front-end/FilteredItemSelectionDialog.js
146 silly gunzTarPerm extractEntry front-end/Resource.js
147 silly gunzTarPerm extractEntry front-end/FileUtils.js
148 silly gunzTarPerm extractEntry front-end/ResourceScriptMapping.js
149 silly gunzTarPerm extractEntry front-end/FileSystemView.js
150 silly gunzTarPerm extractEntry front-end/ResourceTreeModel.js
151 silly gunzTarPerm extractEntry front-end/FileSystemProjectDelegate.js
152 silly gunzTarPerm extractEntry front-end/ResourceType.js
153 silly gunzTarPerm extractEntry front-end/FileSystemModel.js
154 silly gunzTarPerm extractEntry front-end/ResourceUtils.js
155 silly gunzTarPerm extractEntry front-end/FileSystemMapping.js
156 silly gunzTarPerm extractEntry front-end/ResourceView.js
157 silly gunzTarPerm extractEntry front-end/FilePathScoreFunction.js
158 silly gunzTarPerm extractEntry front-end/ResourceWebSocketFrameView.js
159 silly gunzTarPerm extractEntry front-end/FileManager.js
160 silly gunzTarPerm extractEntry front-end/ResourcesPanel.js
161 silly gunzTarPerm extractEntry front-end/FileContentView.js
162 silly gunzTarPerm extractEntry front-end/RevisionHistoryView.js
163 silly gunzTarPerm extractEntry front-end/ExtensionView.js
164 silly gunzTarPerm extractEntry front-end/RuntimeModel.js
165 silly gunzTarPerm extractEntry front-end/ExtensionServer.js
166 silly gunzTarPerm extractEntry front-end/SASSSourceMapping.js
167 silly gunzTarPerm extractEntry front-end/ExtensionRegistryStub.js
168 silly gunzTarPerm extractEntry front-end/ScopeChainSidebarPane.js
169 silly gunzTarPerm extractEntry front-end/ExtensionPanel.js
170 silly gunzTarPerm extractEntry front-end/ScreencastView.js
171 silly gunzTarPerm extractEntry front-end/ExtensionAuditCategory.js
172 silly gunzTarPerm extractEntry front-end/Script.js
173 silly gunzTarPerm extractEntry front-end/ExtensionAPI.js
174 silly gunzTarPerm extractEntry front-end/ScriptFormatter.js
175 silly gunzTarPerm extractEntry front-end/EventListenersSidebarPane.js
176 silly gunzTarPerm extractEntry front-end/ScriptFormatterWorker.js
177 silly gunzTarPerm extractEntry front-end/EmptyView.js
178 silly gunzTarPerm extractEntry front-end/ScriptSnippetModel.js
179 silly gunzTarPerm extractEntry front-end/ElementsTreeOutline.js
180 silly gunzTarPerm extractEntry front-end/ScriptsNavigator.js
181 silly gunzTarPerm extractEntry front-end/ElementsPanelDescriptor.js
182 silly gunzTarPerm extractEntry front-end/ScriptsPanel.js
183 silly gunzTarPerm extractEntry front-end/ElementsPanel.js
184 silly gunzTarPerm extractEntry front-end/ScriptsPanelDescriptor.js
185 silly gunzTarPerm extractEntry front-end/EditFileSystemDialog.js
186 silly gunzTarPerm extractEntry front-end/ScriptsSearchScope.js
187 silly gunzTarPerm extractEntry front-end/Drawer.js
188 silly gunzTarPerm extractEntry front-end/SearchController.js
189 silly gunzTarPerm extractEntry front-end/DockController.js
190 silly gunzTarPerm extractEntry front-end/Section.js
191 silly gunzTarPerm extractEntry front-end/DirectoryContentView.js
192 silly gunzTarPerm extractEntry front-end/Settings.js
193 silly gunzTarPerm extractEntry front-end/Dialog.js
194 silly gunzTarPerm extractEntry front-end/SettingsScreen.js
195 silly gunzTarPerm extractEntry front-end/DevToolsExtensionAPI.js
196 silly gunzTarPerm extractEntry front-end/ShortcutsScreen.js
197 silly gunzTarPerm extractEntry front-end/DefaultScriptMapping.js
198 silly gunzTarPerm extractEntry front-end/ShowMoreDataGridNode.js
199 silly gunzTarPerm extractEntry front-end/DebuggerScriptMapping.js
200 silly gunzTarPerm extractEntry front-end/SidebarOverlay.js
201 silly gunzTarPerm extractEntry front-end/DebuggerModel.js
202 silly gunzTarPerm extractEntry front-end/SidebarPane.js
203 silly gunzTarPerm extractEntry front-end/DatabaseTableView.js
204 silly gunzTarPerm extractEntry front-end/SidebarTreeElement.js
205 silly gunzTarPerm extractEntry front-end/DatabaseQueryView.js
206 silly gunzTarPerm extractEntry front-end/SidebarView.js
207 silly gunzTarPerm extractEntry front-end/Database.js
208 silly gunzTarPerm extractEntry front-end/SimpleWorkspaceProvider.js
209 silly gunzTarPerm extractEntry front-end/DataGrid.js
210 silly gunzTarPerm extractEntry front-end/SnippetStorage.js
211 silly gunzTarPerm extractEntry front-end/DOMSyntaxHighlighter.js
212 silly gunzTarPerm extractEntry front-end/SoftContextMenu.js
213 silly gunzTarPerm extractEntry front-end/DOMStorageItemsView.js
214 silly gunzTarPerm extractEntry front-end/SourceFrame.js
215 silly gunzTarPerm extractEntry front-end/DOMStorage.js
216 silly gunzTarPerm extractEntry front-end/SourceMap.js
217 silly gunzTarPerm extractEntry front-end/DOMPresentationUtils.js
218 silly gunzTarPerm extractEntry front-end/SourceMapping.js
219 silly gunzTarPerm extractEntry front-end/DOMExtension.js
220 silly gunzTarPerm extractEntry front-end/Spectrum.js
221 silly gunzTarPerm extractEntry front-end/DOMCountersGraph.js
222 silly gunzTarPerm extractEntry front-end/SplitView.js
223 silly gunzTarPerm extractEntry front-end/DOMBreakpointsSidebarPane.js
224 silly gunzTarPerm extractEntry front-end/StatusBarButton.js
225 silly gunzTarPerm extractEntry front-end/DOMAgent.js
226 silly gunzTarPerm extractEntry front-end/StyleSheetOutlineDialog.js
227 silly gunzTarPerm extractEntry front-end/CookiesTable.js
228 silly gunzTarPerm extractEntry front-end/StylesSidebarPane.js
229 silly gunzTarPerm extractEntry front-end/CookieParser.js
230 silly gunzTarPerm extractEntry front-end/StylesSourceMapping.js
231 silly gunzTarPerm extractEntry front-end/CookieItemsView.js
232 silly gunzTarPerm extractEntry front-end/SuggestBox.js
233 silly gunzTarPerm extractEntry front-end/ContextMenu.js
234 silly gunzTarPerm extractEntry front-end/TabbedEditorContainer.js
235 silly gunzTarPerm extractEntry front-end/ContentProviders.js
236 silly gunzTarPerm extractEntry front-end/TabbedPane.js
237 silly gunzTarPerm extractEntry front-end/ContentProviderBasedProjectDelegate.js
238 silly gunzTarPerm extractEntry front-end/TestController.js
239 silly gunzTarPerm extractEntry front-end/ContentProvider.js
240 silly gunzTarPerm extractEntry front-end/Tests.js
241 silly gunzTarPerm extractEntry front-end/ConsoleView.js
242 silly gunzTarPerm extractEntry front-end/TextEditor.js
243 silly gunzTarPerm extractEntry front-end/ConsolePanel.js
244 silly gunzTarPerm extractEntry front-end/TextPrompt.js
245 silly gunzTarPerm extractEntry front-end/ConsoleModel.js
246 silly gunzTarPerm extractEntry front-end/TextRange.js
247 silly gunzTarPerm extractEntry front-end/ConsoleMessage.js
248 silly gunzTarPerm extractEntry front-end/TextUtils.js
249 silly gunzTarPerm extractEntry front-end/CompletionDictionary.js
250 silly gunzTarPerm extractEntry front-end/TimelineFrameController.js
251 silly gunzTarPerm extractEntry front-end/CompilerScriptMapping.js
252 silly gunzTarPerm extractEntry front-end/TimelineGrid.js
253 silly gunzTarPerm extractEntry front-end/Color.js
254 silly gunzTarPerm extractEntry front-end/TimelineManager.js
255 silly gunzTarPerm extractEntry front-end/CodeMirrorUtils.js
256 silly gunzTarPerm extractEntry front-end/TimelineModel.js
257 silly gunzTarPerm extractEntry front-end/CodeMirrorTextEditor.js
258 silly gunzTarPerm extractEntry front-end/TimelineOverviewPane.js
259 silly gunzTarPerm extractEntry front-end/Checkbox.js
260 silly gunzTarPerm extractEntry front-end/TimelinePanel.js
261 silly gunzTarPerm extractEntry front-end/CanvasReplayStateView.js
262 silly gunzTarPerm extractEntry front-end/TimelinePanelDescriptor.js
263 silly gunzTarPerm extractEntry front-end/CanvasProfileView.js
264 silly gunzTarPerm extractEntry front-end/TimelinePresentationModel.js
265 silly gunzTarPerm extractEntry front-end/CallStackSidebarPane.js
266 silly gunzTarPerm extractEntry front-end/Toolbar.js
267 silly gunzTarPerm extractEntry front-end/CSSStyleSheetMapping.js
268 silly gunzTarPerm extractEntry front-end/TopDownProfileDataGridTree.js
269 silly gunzTarPerm extractEntry front-end/CSSStyleModel.js
270 silly gunzTarPerm extractEntry front-end/TracingAgent.js
271 silly gunzTarPerm extractEntry front-end/CSSNamedFlowView.js
272 silly gunzTarPerm extractEntry front-end/UISourceCode.js
273 silly gunzTarPerm extractEntry front-end/CSSNamedFlowCollectionsView.js
274 silly gunzTarPerm extractEntry front-end/UISourceCodeFrame.js
275 silly gunzTarPerm extractEntry front-end/CSSMetadata.js
276 silly gunzTarPerm extractEntry front-end/UIString.js
277 silly gunzTarPerm extractEntry front-end/CPUProfileView.js
278 silly gunzTarPerm extractEntry front-end/UIUtils.js
279 silly gunzTarPerm extractEntry front-end/BreakpointsSidebarPane.js
280 silly gunzTarPerm extractEntry front-end/inspector.js
281 silly gunzTarPerm extractEntry front-end/BreakpointManager.js
282 silly gunzTarPerm extractEntry front-end/UserMetrics.js
283 silly gunzTarPerm extractEntry front-end/BottomUpProfileDataGridTree.js
284 silly gunzTarPerm extractEntry front-end/View.js
285 silly gunzTarPerm extractEntry front-end/AuditsPanel.js
286 silly gunzTarPerm extractEntry front-end/ViewportControl.js
287 silly gunzTarPerm extractEntry front-end/AuditRules.js
288 silly gunzTarPerm extractEntry front-end/WatchExpressionsSidebarPane.js
289 silly gunzTarPerm extractEntry front-end/AuditResultView.js
290 silly gunzTarPerm extractEntry front-end/WorkerManager.js
291 silly gunzTarPerm extractEntry front-end/AuditLauncherView.js
292 silly gunzTarPerm extractEntry front-end/WorkersSidebarPane.js
293 silly gunzTarPerm extractEntry front-end/AuditFormatters.js
294 silly gunzTarPerm extractEntry front-end/Workspace.js
295 silly gunzTarPerm extractEntry front-end/AuditController.js
296 silly gunzTarPerm extractEntry front-end/WorkspaceController.js
297 silly gunzTarPerm extractEntry front-end/AuditCategories.js
298 silly gunzTarPerm extractEntry front-end/externs.js
299 silly gunzTarPerm extractEntry front-end/ApplicationCacheModel.js
300 silly gunzTarPerm extractEntry front-end/buildSystemOnly.js
301 silly gunzTarPerm extractEntry front-end/NativeBreakpointsSidebarPane.js
302 silly gunzTarPerm extractEntry front-end/utilities.js
303 silly gunzTarPerm extractEntry front-end/PlatformFontsSidebarPane.js
304 silly gunzTarPerm extractEntry front-end/breakpointsList.css
305 silly gunzTarPerm extractEntry front-end/canvasProfiler.css
306 silly gunzTarPerm extractEntry front-end/cm/LICENSE
307 silly gunzTarPerm extractEntry front-end/cm/python.js
308 silly gunzTarPerm extractEntry front-end/cm/codemirror.js
309 silly gunzTarPerm extractEntry front-end/cm/coffeescript.js
310 silly gunzTarPerm extractEntry front-end/cm/comment.js
311 silly gunzTarPerm extractEntry front-end/cm/shell.js
312 silly gunzTarPerm extractEntry front-end/cm/php.js
313 silly gunzTarPerm extractEntry front-end/cm/htmlembedded.js
314 silly gunzTarPerm extractEntry front-end/cm/htmlmixed.js
315 silly gunzTarPerm extractEntry front-end/cm/javascript.js
316 silly gunzTarPerm extractEntry front-end/cm/markselection.js
317 silly gunzTarPerm extractEntry front-end/cm/closebrackets.js
318 silly gunzTarPerm extractEntry front-end/cm/matchbrackets.js
319 silly gunzTarPerm extractEntry front-end/cm/clike.js
320 silly gunzTarPerm extractEntry front-end/cm/overlay.js
321 silly gunzTarPerm extractEntry front-end/cm/css.js
322 silly gunzTarPerm extractEntry front-end/cm/xml.js
323 silly gunzTarPerm extractEntry front-end/cm/headlesscodemirror.js
324 silly gunzTarPerm extractEntry front-end/cm/LICENSE_python
325 silly gunzTarPerm extractEntry front-end/cm/codemirror.css
326 silly gunzTarPerm extractEntry front-end/cm/cmdevtools.css
327 silly gunzTarPerm extractEntry front-end/cssNamedFlows.css
328 silly gunzTarPerm extractEntry front-end/dataGrid.css
329 silly gunzTarPerm extractEntry front-end/dialog.css
330 silly gunzTarPerm extractEntry front-end/elementsPanel.css
331 silly gunzTarPerm extractEntry front-end/auditsPanel.css
332 silly gunzTarPerm extractEntry front-end/filteredItemSelectionDialog.css
333 silly gunzTarPerm extractEntry front-end/flameChart.css
334 silly gunzTarPerm extractEntry front-end/heapProfiler.css
335 silly gunzTarPerm extractEntry front-end/helpScreen.css
336 silly gunzTarPerm extractEntry front-end/indexedDBViews.css
337 silly gunzTarPerm extractEntry front-end/inspector.css
338 silly gunzTarPerm extractEntry front-end/inspector.html
339 silly gunzTarPerm extractEntry front-end/UglifyJS/parse-js.js
340 silly gunzTarPerm extractEntry front-end/inspectorCommon.css
341 silly gunzTarPerm extractEntry front-end/inspectorSyntaxHighlight.css
342 silly gunzTarPerm extractEntry front-end/OWNERS
343 silly gunzTarPerm extractEntry front-end/breadcrumbList.css
344 silly gunzTarPerm extractEntry front-end/navigatorView.css
345 silly gunzTarPerm extractEntry front-end/networkLogView.css
346 silly gunzTarPerm extractEntry front-end/networkPanel.css
347 silly gunzTarPerm extractEntry front-end/panelEnablerView.css
348 silly gunzTarPerm extractEntry front-end/popover.css
349 silly gunzTarPerm extractEntry front-end/profilesPanel.css
350 silly gunzTarPerm extractEntry front-end/resourceView.css
351 silly gunzTarPerm extractEntry front-end/resourcesPanel.css
352 silly gunzTarPerm extractEntry front-end/revisionHistory.css
353 silly gunzTarPerm extractEntry front-end/screencastView.css
354 silly gunzTarPerm extractEntry front-end/scriptsPanel.css
355 silly gunzTarPerm extractEntry front-end/sidebarPane.css
356 silly gunzTarPerm extractEntry front-end/spectrum.css
357 silly gunzTarPerm extractEntry front-end/splitView.css
358 silly gunzTarPerm extractEntry front-end/tabbedPane.css
359 silly gunzTarPerm extractEntry front-end/test-runner.html
360 silly gunzTarPerm extractEntry front-end/textPrompt.css
361 silly gunzTarPerm extractEntry front-end/timelinePanel.css
362 silly gunzTarPerm extractEntry front-end/Images/resourcePlainIcon.png
363 silly gunzTarPerm extractEntry front-end/Images/addIcon.png
364 silly gunzTarPerm extractEntry front-end/Images/back.png
365 silly gunzTarPerm extractEntry front-end/Images/breakpoint2.png
366 silly gunzTarPerm extractEntry front-end/Images/breakpoint2_2x.png
367 silly gunzTarPerm extractEntry front-end/Images/breakpointBorder.png
368 silly gunzTarPerm extractEntry front-end/Images/breakpointConditional2.png
369 silly gunzTarPerm extractEntry front-end/Images/breakpointConditional2_2x.png
370 silly gunzTarPerm extractEntry front-end/Images/breakpointConditionalBorder.png
371 silly gunzTarPerm extractEntry front-end/Images/breakpointConditionalCounterBorder.png
372 silly gunzTarPerm extractEntry front-end/Images/breakpointCounterBorder.png
373 silly gunzTarPerm extractEntry front-end/Images/checker.png
374 silly gunzTarPerm extractEntry front-end/Images/cookie.png
375 silly gunzTarPerm extractEntry front-end/Images/database.png
376 silly gunzTarPerm extractEntry front-end/Images/databaseTable.png
377 silly gunzTarPerm extractEntry front-end/Images/deleteIcon.png
378 silly gunzTarPerm extractEntry front-end/Images/domain.png
379 silly gunzTarPerm extractEntry front-end/Images/fileSystem.png
380 silly gunzTarPerm extractEntry front-end/Images/forward.png
381 silly gunzTarPerm extractEntry front-end/Images/frame.png
382 silly gunzTarPerm extractEntry front-end/Images/glossyHeader.png
383 silly gunzTarPerm extractEntry front-end/Images/glossyHeaderPressed.png
384 silly gunzTarPerm extractEntry front-end/Images/glossyHeaderSelected.png
385 silly gunzTarPerm extractEntry front-end/Images/glossyHeaderSelectedPressed.png
386 silly gunzTarPerm extractEntry front-end/Images/graphLabelCalloutLeft.png
387 silly gunzTarPerm extractEntry front-end/Images/graphLabelCalloutRight.png
388 silly gunzTarPerm extractEntry front-end/Images/indexedDB.png
389 silly gunzTarPerm extractEntry front-end/Images/indexedDBIndex.png
390 silly gunzTarPerm extractEntry front-end/Images/indexedDBObjectStore.png
391 silly gunzTarPerm extractEntry front-end/Images/localStorage.png
392 silly gunzTarPerm extractEntry front-end/Images/namedFlowOverflow.png
393 silly gunzTarPerm extractEntry front-end/Images/paneAddButtons.png
394 silly gunzTarPerm extractEntry front-end/Images/paneElementStateButtons.png
395 silly gunzTarPerm extractEntry front-end/Images/paneFilterButtons.png
396 silly gunzTarPerm extractEntry front-end/Images/paneRefreshButtons.png
397 silly gunzTarPerm extractEntry front-end/Images/paneSettingsButtons.png
398 silly gunzTarPerm extractEntry front-end/Images/popoverArrows.png
399 silly gunzTarPerm extractEntry front-end/Images/popoverBackground.png
400 silly gunzTarPerm extractEntry front-end/Images/profileGroupIcon.png
401 silly gunzTarPerm extractEntry front-end/Images/profileIcon.png
402 silly gunzTarPerm extractEntry front-end/Images/profileSmallIcon.png
403 silly gunzTarPerm extractEntry front-end/Images/programCounterBorder.png
404 silly gunzTarPerm extractEntry front-end/Images/radioDot.png
405 silly gunzTarPerm extractEntry front-end/Images/regionEmpty.png
406 silly gunzTarPerm extractEntry front-end/Images/regionFit.png
407 silly gunzTarPerm extractEntry front-end/Images/regionOverset.png
408 silly gunzTarPerm extractEntry front-end/Images/resourceCSSIcon.png
409 silly gunzTarPerm extractEntry front-end/Images/resourceDocumentIcon.png
410 silly gunzTarPerm extractEntry front-end/Images/resourceDocumentIconSmall.png
411 silly gunzTarPerm extractEntry front-end/Images/resourceJSIcon.png
412 silly gunzTarPerm extractEntry front-end/Images/applicationCache.png
413 silly gunzTarPerm extractEntry front-end/Images/resourcePlainIconSmall.png
414 silly gunzTarPerm extractEntry front-end/Images/resourcesTimeGraphIcon.png
415 silly gunzTarPerm extractEntry front-end/Images/searchNext.png
416 silly gunzTarPerm extractEntry front-end/Images/searchPrev.png
417 silly gunzTarPerm extractEntry front-end/Images/searchSmallBlue.png
418 silly gunzTarPerm extractEntry front-end/Images/searchSmallBrightBlue.png
419 silly gunzTarPerm extractEntry front-end/Images/searchSmallGray.png
420 silly gunzTarPerm extractEntry front-end/Images/searchSmallWhite.png
421 silly gunzTarPerm extractEntry front-end/Images/segment.png
422 silly gunzTarPerm extractEntry front-end/Images/segmentEnd.png
423 silly gunzTarPerm extractEntry front-end/Images/segmentHover.png
424 silly gunzTarPerm extractEntry front-end/Images/segmentHoverEnd.png
425 silly gunzTarPerm extractEntry front-end/Images/segmentSelected.png
426 silly gunzTarPerm extractEntry front-end/Images/segmentSelectedEnd.png
427 silly gunzTarPerm extractEntry front-end/Images/sessionStorage.png
428 silly gunzTarPerm extractEntry front-end/Images/settingsListRemove.png
429 silly gunzTarPerm extractEntry front-end/Images/settingsListRemove_2x.png
430 silly gunzTarPerm extractEntry front-end/Images/spinner.gif
431 silly gunzTarPerm extractEntry front-end/Images/spinnerActive.gif
432 silly gunzTarPerm extractEntry front-end/Images/spinnerActiveSelected.gif
433 silly gunzTarPerm extractEntry front-end/Images/spinnerInactive.gif
434 silly gunzTarPerm extractEntry front-end/Images/spinnerInactiveSelected.gif
435 silly gunzTarPerm extractEntry front-end/Images/src/breakpoints2.svg
436 silly gunzTarPerm extractEntry front-end/Images/src/settingListRemove.svg
437 silly gunzTarPerm extractEntry front-end/Images/src/statusbarButtonGlyphs.svg
438 silly gunzTarPerm extractEntry front-end/Images/statusbarButtonGlyphs.png
439 silly gunzTarPerm extractEntry front-end/Images/statusbarButtonGlyphs2x.png
440 silly gunzTarPerm extractEntry front-end/Images/statusbarResizerHorizontal.png
441 silly gunzTarPerm extractEntry front-end/Images/statusbarResizerVertical.png
442 silly gunzTarPerm extractEntry front-end/Images/thumbActiveHoriz.png
443 silly gunzTarPerm extractEntry front-end/Images/thumbActiveVert.png
444 silly gunzTarPerm extractEntry front-end/Images/thumbHoriz.png
445 silly gunzTarPerm extractEntry front-end/Images/thumbHoverHoriz.png
446 silly gunzTarPerm extractEntry front-end/Images/thumbHoverVert.png
447 silly gunzTarPerm extractEntry front-end/Images/thumbVert.png
448 silly gunzTarPerm extractEntry front-end/Images/timelineHollowPillBlue.png
449 silly gunzTarPerm extractEntry front-end/Images/timelineHollowPillGray.png
450 silly gunzTarPerm extractEntry front-end/Images/timelineHollowPillGreen.png
451 silly gunzTarPerm extractEntry front-end/Images/timelineHollowPillOrange.png
452 silly gunzTarPerm extractEntry front-end/Images/timelineHollowPillPurple.png
453 silly gunzTarPerm extractEntry front-end/Images/timelineHollowPillRed.png
454 silly gunzTarPerm extractEntry front-end/Images/timelineHollowPillYellow.png
455 silly gunzTarPerm extractEntry front-end/Images/timelinePillBlue.png
456 silly gunzTarPerm extractEntry front-end/Images/timelinePillGray.png
457 silly gunzTarPerm extractEntry front-end/Images/timelinePillGreen.png
458 silly gunzTarPerm extractEntry front-end/Images/timelinePillOrange.png
459 silly gunzTarPerm extractEntry front-end/Images/timelinePillPurple.png
460 silly gunzTarPerm extractEntry front-end/Images/timelinePillRed.png
461 silly gunzTarPerm extractEntry front-end/Images/timelinePillYellow.png
462 silly gunzTarPerm extractEntry front-end/Images/toolbarItemSelected.png
463 silly gunzTarPerm extractEntry front-end/Images/trackHoriz.png
464 silly gunzTarPerm extractEntry front-end/Images/trackVert.png
465 silly gunzTarPerm extractEntry front-end/layersPanel.css
466 silly gunzTarPerm extractEntry front-end-node/Overrides.js
467 silly gunzTarPerm extractEntry ChangeLog
468 silly gunzTarPerm extractEntry lib/BreakEventHandler.js
469 silly gunzTarPerm extractEntry lib/FrontendCommandHandler.js
470 silly gunzTarPerm extractEntry lib/NetworkAgent.js
471 silly gunzTarPerm extractEntry lib/PageAgent.js
472 silly gunzTarPerm extractEntry lib/FrontendClient.js
473 silly gunzTarPerm extractEntry lib/ScriptFileStorage.js
474 silly gunzTarPerm extractEntry lib/ScriptManager.js
475 silly gunzTarPerm extractEntry lib/callback.js
476 silly gunzTarPerm extractEntry lib/config.js
477 silly gunzTarPerm extractEntry lib/convert.js
478 silly gunzTarPerm extractEntry lib/DebuggerClient.js
479 silly gunzTarPerm extractEntry lib/debug-server.js
480 silly gunzTarPerm extractEntry lib/DebuggerAgent.js
481 silly gunzTarPerm extractEntry lib/debugger.js
482 silly gunzTarPerm extractEntry lib/CallFramesProvider.js
483 silly gunzTarPerm extractEntry lib/session.js
484 silly gunzTarPerm extractEntry lib/RuntimeAgent.js
485 silly gunzTarPerm extractEntry config.json
486 silly lockFile 8c39b972-IsIt-node-modules-node-inspector tar:///Users/adamgavish/Development/workspace/WhereIsIt/node_modules/node-inspector
487 silly lockFile 8c39b972-IsIt-node-modules-node-inspector tar:///Users/adamgavish/Development/workspace/WhereIsIt/node_modules/node-inspector
488 silly lockFile 5215ea9e-node-inspector-0-7-4-package-tgz tar:///Users/adamgavish/.npm/node-inspector/0.7.4/package.tgz
489 silly lockFile 5215ea9e-node-inspector-0-7-4-package-tgz tar:///Users/adamgavish/.npm/node-inspector/0.7.4/package.tgz
490 info preinstall node-inspector@0.7.4
491 verbose readDependencies using package.json deps
492 verbose readDependencies using package.json deps
493 verbose cache add [ 'express@~4.0', null ]
494 verbose cache add name=undefined spec="express@~4.0" args=["express@~4.0",null]
495 verbose parsed url { protocol: null,
495 verbose parsed url   slashes: null,
495 verbose parsed url   auth: null,
495 verbose parsed url   host: null,
495 verbose parsed url   port: null,
495 verbose parsed url   hostname: null,
495 verbose parsed url   hash: null,
495 verbose parsed url   search: null,
495 verbose parsed url   query: null,
495 verbose parsed url   pathname: 'express@~4.0',
495 verbose parsed url   path: 'express@~4.0',
495 verbose parsed url   href: 'express@~4.0' }
496 verbose cache add [ 'async@~0.8', null ]
497 verbose cache add name=undefined spec="async@~0.8" args=["async@~0.8",null]
498 verbose parsed url { protocol: null,
498 verbose parsed url   slashes: null,
498 verbose parsed url   auth: null,
498 verbose parsed url   host: null,
498 verbose parsed url   port: null,
498 verbose parsed url   hostname: null,
498 verbose parsed url   hash: null,
498 verbose parsed url   search: null,
498 verbose parsed url   query: null,
498 verbose parsed url   pathname: 'async@~0.8',
498 verbose parsed url   path: 'async@~0.8',
498 verbose parsed url   href: 'async@~0.8' }
499 verbose cache add name="express" spec="~4.0" args=["express","~4.0"]
500 verbose parsed url { protocol: null,
500 verbose parsed url   slashes: null,
500 verbose parsed url   auth: null,
500 verbose parsed url   host: null,
500 verbose parsed url   port: null,
500 verbose parsed url   hostname: null,
500 verbose parsed url   hash: null,
500 verbose parsed url   search: null,
500 verbose parsed url   query: null,
500 verbose parsed url   pathname: '~4.0',
500 verbose parsed url   path: '~4.0',
500 verbose parsed url   href: '~4.0' }
501 verbose addNamed [ 'express', '~4.0' ]
502 verbose addNamed [ null, '>=4.0.0-0 <4.1.0-0' ]
503 silly lockFile c1beb60b-express-4-0 express@~4.0
504 verbose lock express@~4.0 /Users/adamgavish/.npm/c1beb60b-express-4-0.lock
505 verbose cache add [ 'rc@~0.3.0', null ]
506 verbose cache add name=undefined spec="rc@~0.3.0" args=["rc@~0.3.0",null]
507 verbose parsed url { protocol: null,
507 verbose parsed url   slashes: null,
507 verbose parsed url   auth: null,
507 verbose parsed url   host: null,
507 verbose parsed url   port: null,
507 verbose parsed url   hostname: null,
507 verbose parsed url   hash: null,
507 verbose parsed url   search: null,
507 verbose parsed url   query: null,
507 verbose parsed url   pathname: 'rc@~0.3.0',
507 verbose parsed url   path: 'rc@~0.3.0',
507 verbose parsed url   href: 'rc@~0.3.0' }
508 verbose cache add [ 'glob@~3.2.1', null ]
509 verbose cache add name=undefined spec="glob@~3.2.1" args=["glob@~3.2.1",null]
510 verbose parsed url { protocol: null,
510 verbose parsed url   slashes: null,
510 verbose parsed url   auth: null,
510 verbose parsed url   host: null,
510 verbose parsed url   port: null,
510 verbose parsed url   hostname: null,
510 verbose parsed url   hash: null,
510 verbose parsed url   search: null,
510 verbose parsed url   query: null,
510 verbose parsed url   pathname: 'glob@~3.2.1',
510 verbose parsed url   path: 'glob@~3.2.1',
510 verbose parsed url   href: 'glob@~3.2.1' }
511 verbose cache add [ 'strong-data-uri@~0.1.0', null ]
512 verbose cache add name=undefined spec="strong-data-uri@~0.1.0" args=["strong-data-uri@~0.1.0",null]
513 verbose parsed url { protocol: null,
513 verbose parsed url   slashes: null,
513 verbose parsed url   auth: null,
513 verbose parsed url   host: null,
513 verbose parsed url   port: null,
513 verbose parsed url   hostname: null,
513 verbose parsed url   hash: null,
513 verbose parsed url   search: null,
513 verbose parsed url   query: null,
513 verbose parsed url   pathname: 'strong-data-uri@~0.1.0',
513 verbose parsed url   path: 'strong-data-uri@~0.1.0',
513 verbose parsed url   href: 'strong-data-uri@~0.1.0' }
514 verbose cache add name="async" spec="~0.8" args=["async","~0.8"]
515 verbose parsed url { protocol: null,
515 verbose parsed url   slashes: null,
515 verbose parsed url   auth: null,
515 verbose parsed url   host: null,
515 verbose parsed url   port: null,
515 verbose parsed url   hostname: null,
515 verbose parsed url   hash: null,
515 verbose parsed url   search: null,
515 verbose parsed url   query: null,
515 verbose parsed url   pathname: '~0.8',
515 verbose parsed url   path: '~0.8',
515 verbose parsed url   href: '~0.8' }
516 verbose addNamed [ 'async', '~0.8' ]
517 verbose addNamed [ null, '>=0.8.0-0 <0.9.0-0' ]
518 silly lockFile 0308ee3f-async-0-8 async@~0.8
519 verbose lock async@~0.8 /Users/adamgavish/.npm/0308ee3f-async-0-8.lock
520 verbose cache add name="rc" spec="~0.3.0" args=["rc","~0.3.0"]
521 verbose parsed url { protocol: null,
521 verbose parsed url   slashes: null,
521 verbose parsed url   auth: null,
521 verbose parsed url   host: null,
521 verbose parsed url   port: null,
521 verbose parsed url   hostname: null,
521 verbose parsed url   hash: null,
521 verbose parsed url   search: null,
521 verbose parsed url   query: null,
521 verbose parsed url   pathname: '~0.3.0',
521 verbose parsed url   path: '~0.3.0',
521 verbose parsed url   href: '~0.3.0' }
522 verbose addNamed [ 'rc', '~0.3.0' ]
523 verbose addNamed [ null, '>=0.3.0-0 <0.4.0-0' ]
524 silly lockFile 1e251ea5-rc-0-3-0 rc@~0.3.0
525 verbose lock rc@~0.3.0 /Users/adamgavish/.npm/1e251ea5-rc-0-3-0.lock
526 verbose cache add [ 'debug@~0.8', null ]
527 verbose cache add name=undefined spec="debug@~0.8" args=["debug@~0.8",null]
528 verbose parsed url { protocol: null,
528 verbose parsed url   slashes: null,
528 verbose parsed url   auth: null,
528 verbose parsed url   host: null,
528 verbose parsed url   port: null,
528 verbose parsed url   hostname: null,
528 verbose parsed url   hash: null,
528 verbose parsed url   search: null,
528 verbose parsed url   query: null,
528 verbose parsed url   pathname: 'debug@~0.8',
528 verbose parsed url   path: 'debug@~0.8',
528 verbose parsed url   href: 'debug@~0.8' }
529 verbose cache add [ 'ws@~0.4.31', null ]
530 verbose cache add name=undefined spec="ws@~0.4.31" args=["ws@~0.4.31",null]
531 verbose parsed url { protocol: null,
531 verbose parsed url   slashes: null,
531 verbose parsed url   auth: null,
531 verbose parsed url   host: null,
531 verbose parsed url   port: null,
531 verbose parsed url   hostname: null,
531 verbose parsed url   hash: null,
531 verbose parsed url   search: null,
531 verbose parsed url   query: null,
531 verbose parsed url   pathname: 'ws@~0.4.31',
531 verbose parsed url   path: 'ws@~0.4.31',
531 verbose parsed url   href: 'ws@~0.4.31' }
532 verbose cache add [ 'opener@~1.3.0', null ]
533 verbose cache add name=undefined spec="opener@~1.3.0" args=["opener@~1.3.0",null]
534 verbose parsed url { protocol: null,
534 verbose parsed url   slashes: null,
534 verbose parsed url   auth: null,
534 verbose parsed url   host: null,
534 verbose parsed url   port: null,
534 verbose parsed url   hostname: null,
534 verbose parsed url   hash: null,
534 verbose parsed url   search: null,
534 verbose parsed url   query: null,
534 verbose parsed url   pathname: 'opener@~1.3.0',
534 verbose parsed url   path: 'opener@~1.3.0',
534 verbose parsed url   href: 'opener@~1.3.0' }
535 verbose cache add [ 'yargs@~1.2.1', null ]
536 verbose cache add name=undefined spec="yargs@~1.2.1" args=["yargs@~1.2.1",null]
537 verbose parsed url { protocol: null,
537 verbose parsed url   slashes: null,
537 verbose parsed url   auth: null,
537 verbose parsed url   host: null,
537 verbose parsed url   port: null,
537 verbose parsed url   hostname: null,
537 verbose parsed url   hash: null,
537 verbose parsed url   search: null,
537 verbose parsed url   query: null,
537 verbose parsed url   pathname: 'yargs@~1.2.1',
537 verbose parsed url   path: 'yargs@~1.2.1',
537 verbose parsed url   href: 'yargs@~1.2.1' }
538 verbose cache add [ 'which@~1.0.5', null ]
539 verbose cache add name=undefined spec="which@~1.0.5" args=["which@~1.0.5",null]
540 verbose parsed url { protocol: null,
540 verbose parsed url   slashes: null,
540 verbose parsed url   auth: null,
540 verbose parsed url   host: null,
540 verbose parsed url   port: null,
540 verbose parsed url   hostname: null,
540 verbose parsed url   hash: null,
540 verbose parsed url   search: null,
540 verbose parsed url   query: null,
540 verbose parsed url   pathname: 'which@~1.0.5',
540 verbose parsed url   path: 'which@~1.0.5',
540 verbose parsed url   href: 'which@~1.0.5' }
541 verbose cache add name="glob" spec="~3.2.1" args=["glob","~3.2.1"]
542 verbose parsed url { protocol: null,
542 verbose parsed url   slashes: null,
542 verbose parsed url   auth: null,
542 verbose parsed url   host: null,
542 verbose parsed url   port: null,
542 verbose parsed url   hostname: null,
542 verbose parsed url   hash: null,
542 verbose parsed url   search: null,
542 verbose parsed url   query: null,
542 verbose parsed url   pathname: '~3.2.1',
542 verbose parsed url   path: '~3.2.1',
542 verbose parsed url   href: '~3.2.1' }
543 verbose addNamed [ 'glob', '~3.2.1' ]
544 verbose addNamed [ null, '>=3.2.1-0 <3.3.0-0' ]
545 silly lockFile c4e56cfb-glob-3-2-1 glob@~3.2.1
546 verbose lock glob@~3.2.1 /Users/adamgavish/.npm/c4e56cfb-glob-3-2-1.lock
547 verbose cache add name="strong-data-uri" spec="~0.1.0" args=["strong-data-uri","~0.1.0"]
548 verbose parsed url { protocol: null,
548 verbose parsed url   slashes: null,
548 verbose parsed url   auth: null,
548 verbose parsed url   host: null,
548 verbose parsed url   port: null,
548 verbose parsed url   hostname: null,
548 verbose parsed url   hash: null,
548 verbose parsed url   search: null,
548 verbose parsed url   query: null,
548 verbose parsed url   pathname: '~0.1.0',
548 verbose parsed url   path: '~0.1.0',
548 verbose parsed url   href: '~0.1.0' }
549 verbose addNamed [ 'strong-data-uri', '~0.1.0' ]
550 verbose addNamed [ null, '>=0.1.0-0 <0.2.0-0' ]
551 silly lockFile 6f908b79-strong-data-uri-0-1-0 strong-data-uri@~0.1.0
552 verbose lock strong-data-uri@~0.1.0 /Users/adamgavish/.npm/6f908b79-strong-data-uri-0-1-0.lock
553 silly addNameRange { name: 'express', range: '>=4.0.0-0 <4.1.0-0', hasData: false }
554 verbose cache add name="debug" spec="~0.8" args=["debug","~0.8"]
555 verbose parsed url { protocol: null,
555 verbose parsed url   slashes: null,
555 verbose parsed url   auth: null,
555 verbose parsed url   host: null,
555 verbose parsed url   port: null,
555 verbose parsed url   hostname: null,
555 verbose parsed url   hash: null,
555 verbose parsed url   search: null,
555 verbose parsed url   query: null,
555 verbose parsed url   pathname: '~0.8',
555 verbose parsed url   path: '~0.8',
555 verbose parsed url   href: '~0.8' }
556 verbose addNamed [ 'debug', '~0.8' ]
557 verbose addNamed [ null, '>=0.8.0-0 <0.9.0-0' ]
558 silly lockFile cd9af4b6-debug-0-8 debug@~0.8
559 verbose lock debug@~0.8 /Users/adamgavish/.npm/cd9af4b6-debug-0-8.lock
560 verbose cache add name="ws" spec="~0.4.31" args=["ws","~0.4.31"]
561 verbose parsed url { protocol: null,
561 verbose parsed url   slashes: null,
561 verbose parsed url   auth: null,
561 verbose parsed url   host: null,
561 verbose parsed url   port: null,
561 verbose parsed url   hostname: null,
561 verbose parsed url   hash: null,
561 verbose parsed url   search: null,
561 verbose parsed url   query: null,
561 verbose parsed url   pathname: '~0.4.31',
561 verbose parsed url   path: '~0.4.31',
561 verbose parsed url   href: '~0.4.31' }
562 verbose addNamed [ 'ws', '~0.4.31' ]
563 verbose addNamed [ null, '>=0.4.31-0 <0.5.0-0' ]
564 silly lockFile 6f25c2de-ws-0-4-31 ws@~0.4.31
565 verbose lock ws@~0.4.31 /Users/adamgavish/.npm/6f25c2de-ws-0-4-31.lock
566 verbose cache add name="opener" spec="~1.3.0" args=["opener","~1.3.0"]
567 verbose parsed url { protocol: null,
567 verbose parsed url   slashes: null,
567 verbose parsed url   auth: null,
567 verbose parsed url   host: null,
567 verbose parsed url   port: null,
567 verbose parsed url   hostname: null,
567 verbose parsed url   hash: null,
567 verbose parsed url   search: null,
567 verbose parsed url   query: null,
567 verbose parsed url   pathname: '~1.3.0',
567 verbose parsed url   path: '~1.3.0',
567 verbose parsed url   href: '~1.3.0' }
568 verbose addNamed [ 'opener', '~1.3.0' ]
569 verbose addNamed [ null, '>=1.3.0-0 <1.4.0-0' ]
570 silly lockFile 531881c0-opener-1-3-0 opener@~1.3.0
571 verbose lock opener@~1.3.0 /Users/adamgavish/.npm/531881c0-opener-1-3-0.lock
572 verbose cache add name="yargs" spec="~1.2.1" args=["yargs","~1.2.1"]
573 verbose parsed url { protocol: null,
573 verbose parsed url   slashes: null,
573 verbose parsed url   auth: null,
573 verbose parsed url   host: null,
573 verbose parsed url   port: null,
573 verbose parsed url   hostname: null,
573 verbose parsed url   hash: null,
573 verbose parsed url   search: null,
573 verbose parsed url   query: null,
573 verbose parsed url   pathname: '~1.2.1',
573 verbose parsed url   path: '~1.2.1',
573 verbose parsed url   href: '~1.2.1' }
574 verbose addNamed [ 'yargs', '~1.2.1' ]
575 verbose addNamed [ null, '>=1.2.1-0 <1.3.0-0' ]
576 silly lockFile 0aa08e27-yargs-1-2-1 yargs@~1.2.1
577 verbose lock yargs@~1.2.1 /Users/adamgavish/.npm/0aa08e27-yargs-1-2-1.lock
578 verbose cache add name="which" spec="~1.0.5" args=["which","~1.0.5"]
579 verbose parsed url { protocol: null,
579 verbose parsed url   slashes: null,
579 verbose parsed url   auth: null,
579 verbose parsed url   host: null,
579 verbose parsed url   port: null,
579 verbose parsed url   hostname: null,
579 verbose parsed url   hash: null,
579 verbose parsed url   search: null,
579 verbose parsed url   query: null,
579 verbose parsed url   pathname: '~1.0.5',
579 verbose parsed url   path: '~1.0.5',
579 verbose parsed url   href: '~1.0.5' }
580 verbose addNamed [ 'which', '~1.0.5' ]
581 verbose addNamed [ null, '>=1.0.5-0 <1.1.0-0' ]
582 silly lockFile d158d65e-which-1-0-5 which@~1.0.5
583 verbose lock which@~1.0.5 /Users/adamgavish/.npm/d158d65e-which-1-0-5.lock
584 silly addNameRange { name: 'async', range: '>=0.8.0-0 <0.9.0-0', hasData: false }
585 silly addNameRange { name: 'rc', range: '>=0.3.0-0 <0.4.0-0', hasData: false }
586 silly addNameRange { name: 'glob', range: '>=3.2.1-0 <3.3.0-0', hasData: false }
587 silly addNameRange { name: 'strong-data-uri',
587 silly addNameRange   range: '>=0.1.0-0 <0.2.0-0',
587 silly addNameRange   hasData: false }
588 silly addNameRange { name: 'debug', range: '>=0.8.0-0 <0.9.0-0', hasData: false }
589 silly addNameRange { name: 'ws', range: '>=0.4.31-0 <0.5.0-0', hasData: false }
590 silly addNameRange { name: 'opener', range: '>=1.3.0-0 <1.4.0-0', hasData: false }
591 silly addNameRange { name: 'yargs', range: '>=1.2.1-0 <1.3.0-0', hasData: false }
592 silly addNameRange { name: 'which', range: '>=1.0.5-0 <1.1.0-0', hasData: false }
593 verbose url raw strong-data-uri
594 verbose url resolving [ 'https://registry.npmjs.org/', './strong-data-uri' ]
595 verbose url resolved https://registry.npmjs.org/strong-data-uri
596 info trying registry request attempt 1 at 14:41:31
597 http GET https://registry.npmjs.org/strong-data-uri
598 verbose url raw opener
599 verbose url resolving [ 'https://registry.npmjs.org/', './opener' ]
600 verbose url resolved https://registry.npmjs.org/opener
601 info trying registry request attempt 1 at 14:41:31
602 http GET https://registry.npmjs.org/opener
603 verbose url raw yargs
604 verbose url resolving [ 'https://registry.npmjs.org/', './yargs' ]
605 verbose url resolved https://registry.npmjs.org/yargs
606 info trying registry request attempt 1 at 14:41:31
607 http GET https://registry.npmjs.org/yargs
608 verbose url raw express
609 verbose url resolving [ 'https://registry.npmjs.org/', './express' ]
610 verbose url resolved https://registry.npmjs.org/express
611 info trying registry request attempt 1 at 14:41:31
612 verbose etag "2OON596QC4OHXI1VLNWUC43ZH"
613 http GET https://registry.npmjs.org/express
614 verbose url raw rc
615 verbose url resolving [ 'https://registry.npmjs.org/', './rc' ]
616 verbose url resolved https://registry.npmjs.org/rc
617 info trying registry request attempt 1 at 14:41:31
618 verbose etag "7HWQ57TC6WL9EJMKCGZB25UAJ"
619 http GET https://registry.npmjs.org/rc
620 verbose url raw async
621 verbose url resolving [ 'https://registry.npmjs.org/', './async' ]
622 verbose url resolved https://registry.npmjs.org/async
623 info trying registry request attempt 1 at 14:41:31
624 verbose etag "63NDULZ45DFP7XU6LIXBAWEIR"
625 http GET https://registry.npmjs.org/async
626 verbose url raw glob
627 verbose url resolving [ 'https://registry.npmjs.org/', './glob' ]
628 verbose url resolved https://registry.npmjs.org/glob
629 info trying registry request attempt 1 at 14:41:31
630 verbose etag "3909BAC2LLVNVUAUB8BAXHIH3"
631 http GET https://registry.npmjs.org/glob
632 verbose url raw debug
633 verbose url resolving [ 'https://registry.npmjs.org/', './debug' ]
634 verbose url resolved https://registry.npmjs.org/debug
635 info trying registry request attempt 1 at 14:41:31
636 verbose etag "88ILDLHL2K9BBZ84SMVN0Q43E"
637 http GET https://registry.npmjs.org/debug
638 verbose url raw ws
639 verbose url resolving [ 'https://registry.npmjs.org/', './ws' ]
640 verbose url resolved https://registry.npmjs.org/ws
641 info trying registry request attempt 1 at 14:41:31
642 verbose etag "1RGQ1VPIPB6VS3H456BSM8934"
643 http GET https://registry.npmjs.org/ws
644 verbose url raw which
645 verbose url resolving [ 'https://registry.npmjs.org/', './which' ]
646 verbose url resolved https://registry.npmjs.org/which
647 info trying registry request attempt 1 at 14:41:31
648 verbose etag "4U42AUANZD43I26W7W04SHTG3"
649 http GET https://registry.npmjs.org/which
650 http 200 https://registry.npmjs.org/strong-data-uri
651 silly registry.get cb [ 200,
651 silly registry.get   { date: 'Mon, 01 Sep 2014 11:41:31 GMT',
651 silly registry.get     server: 'CouchDB/1.5.0 (Erlang OTP/R16B03)',
651 silly registry.get     etag: '"2T2JVXIBUTDFYUM09TDGTSNDV"',
651 silly registry.get     'content-type': 'application/json',
651 silly registry.get     'cache-control': 'max-age=60',
651 silly registry.get     'content-length': '4123',
651 silly registry.get     'accept-ranges': 'bytes',
651 silly registry.get     via: '1.1 varnish',
651 silly registry.get     age: '6256',
651 silly registry.get     'x-served-by': 'cache-lcy1123-LCY',
651 silly registry.get     'x-cache': 'HIT',
651 silly registry.get     'x-cache-hits': '1',
651 silly registry.get     'x-timer': 'S1409571691.610716,VS0,VE0',
651 silly registry.get     vary: 'Accept',
651 silly registry.get     'keep-alive': 'timeout=10, max=50',
651 silly registry.get     connection: 'Keep-Alive' } ]
652 silly addNameRange number 2 { name: 'strong-data-uri',
652 silly addNameRange   range: '>=0.1.0-0 <0.2.0-0',
652 silly addNameRange   hasData: true }
653 silly addNameRange versions [ 'strong-data-uri', [ '0.1.0', '0.1.1' ] ]
654 verbose addNamed [ 'strong-data-uri', '0.1.1' ]
655 verbose addNamed [ '0.1.1', '0.1.1' ]
656 silly lockFile 25cad552-strong-data-uri-0-1-1 strong-data-uri@0.1.1
657 verbose lock strong-data-uri@0.1.1 /Users/adamgavish/.npm/25cad552-strong-data-uri-0-1-1.lock
658 silly lockFile 04440c2d-ta-uri-strong-data-uri-0-1-1-tgz https://registry.npmjs.org/strong-data-uri/-/strong-data-uri-0.1.1.tgz
659 verbose lock https://registry.npmjs.org/strong-data-uri/-/strong-data-uri-0.1.1.tgz /Users/adamgavish/.npm/04440c2d-ta-uri-strong-data-uri-0-1-1-tgz.lock
660 verbose addRemoteTarball [ 'https://registry.npmjs.org/strong-data-uri/-/strong-data-uri-0.1.1.tgz',
660 verbose addRemoteTarball   '8660241807461d1d2dd247c70563f2f33e66c8ab' ]
661 info retry fetch attempt 1 at 14:41:31
662 verbose fetch to= /var/folders/22/qvq13kk111sg_dmqxx06snsc0000gn/T/npm-78219-CfzqcUrb/registry.npmjs.org/strong-data-uri/-/strong-data-uri-0.1.1.tgz
663 http GET https://registry.npmjs.org/strong-data-uri/-/strong-data-uri-0.1.1.tgz
664 http 200 https://registry.npmjs.org/opener
665 silly registry.get cb [ 200,
665 silly registry.get   { date: 'Mon, 01 Sep 2014 11:41:31 GMT',
665 silly registry.get     server: 'CouchDB/1.5.0 (Erlang OTP/R16B03)',
665 silly registry.get     etag: '"DH2F9SYPMXJ30T35Q31KLZIL3"',
665 silly registry.get     'content-type': 'application/json',
665 silly registry.get     'cache-control': 'max-age=60',
665 silly registry.get     'content-length': '7761',
665 silly registry.get     'accept-ranges': 'bytes',
665 silly registry.get     via: '1.1 varnish',
665 silly registry.get     age: '2438',
665 silly registry.get     'x-served-by': 'cache-lcy1133-LCY',
665 silly registry.get     'x-cache': 'HIT',
665 silly registry.get     'x-cache-hits': '1',
665 silly registry.get     'x-timer': 'S1409571691.672524,VS0,VE0',
665 silly registry.get     vary: 'Accept',
665 silly registry.get     'keep-alive': 'timeout=10, max=50',
665 silly registry.get     connection: 'Keep-Alive' } ]
666 silly addNameRange number 2 { name: 'opener', range: '>=1.3.0-0 <1.4.0-0', hasData: true }
667 silly addNameRange versions [ 'opener',
667 silly addNameRange   [ '1.0.0', '1.0.1', '1.1.0', '1.2.0', '1.3.0', '1.4.0' ] ]
668 verbose addNamed [ 'opener', '1.3.0' ]
669 verbose addNamed [ '1.3.0', '1.3.0' ]
670 silly lockFile 58123698-opener-1-3-0 opener@1.3.0
671 verbose lock opener@1.3.0 /Users/adamgavish/.npm/58123698-opener-1-3-0.lock
672 silly lockFile e0b65f85-pmjs-org-opener-opener-1-3-0-tgz https://registry.npmjs.org/opener/-/opener-1.3.0.tgz
673 verbose lock https://registry.npmjs.org/opener/-/opener-1.3.0.tgz /Users/adamgavish/.npm/e0b65f85-pmjs-org-opener-opener-1-3-0-tgz.lock
674 verbose addRemoteTarball [ 'https://registry.npmjs.org/opener/-/opener-1.3.0.tgz',
674 verbose addRemoteTarball   '130ba662213fa842edb4cd0361d31a15301a43e2' ]
675 info retry fetch attempt 1 at 14:41:31
676 verbose fetch to= /var/folders/22/qvq13kk111sg_dmqxx06snsc0000gn/T/npm-78219-CfzqcUrb/registry.npmjs.org/opener/-/opener-1.3.0.tgz
677 http GET https://registry.npmjs.org/opener/-/opener-1.3.0.tgz
678 http 200 https://registry.npmjs.org/rc
679 silly registry.get cb [ 200,
679 silly registry.get   { date: 'Mon, 01 Sep 2014 11:41:31 GMT',
679 silly registry.get     server: 'CouchDB/1.5.0 (Erlang OTP/R16B03)',
679 silly registry.get     etag: '"8I0GOB9T6L254W3Y7ECQ35FNW"',
679 silly registry.get     'content-type': 'application/json',
679 silly registry.get     'cache-control': 'max-age=60',
679 silly registry.get     'content-length': '23912',
679 silly registry.get     'accept-ranges': 'bytes',
679 silly registry.get     via: '1.1 varnish',
679 silly registry.get     age: '509',
679 silly registry.get     'x-served-by': 'cache-lcy1121-LCY',
679 silly registry.get     'x-cache': 'HIT',
679 silly registry.get     'x-cache-hits': '1',
679 silly registry.get     'x-timer': 'S1409571691.671854,VS0,VE0',
679 silly registry.get     vary: 'Accept',
679 silly registry.get     'keep-alive': 'timeout=10, max=50',
679 silly registry.get     connection: 'Keep-Alive' } ]
680 http 200 https://registry.npmjs.org/yargs
681 silly registry.get cb [ 200,
681 silly registry.get   { date: 'Mon, 01 Sep 2014 11:41:31 GMT',
681 silly registry.get     server: 'CouchDB/1.5.0 (Erlang OTP/R16B03)',
681 silly registry.get     etag: '"AWBFQJVO2MDPGCYG0QY0YC50O"',
681 silly registry.get     'content-type': 'application/json',
681 silly registry.get     'cache-control': 'max-age=60',
681 silly registry.get     'content-length': '49970',
681 silly registry.get     'accept-ranges': 'bytes',
681 silly registry.get     via: '1.1 varnish',
681 silly registry.get     age: '2981',
681 silly registry.get     'x-served-by': 'cache-lcy1121-LCY',
681 silly registry.get     'x-cache': 'HIT',
681 silly registry.get     'x-cache-hits': '1',
681 silly registry.get     'x-timer': 'S1409571691.612973,VS0,VE0',
681 silly registry.get     vary: 'Accept',
681 silly registry.get     'keep-alive': 'timeout=10, max=50',
681 silly registry.get     connection: 'Keep-Alive' } ]
682 silly addNameRange number 2 { name: 'rc', range: '>=0.3.0-0 <0.4.0-0', hasData: true }
683 silly addNameRange versions [ 'rc',
683 silly addNameRange   [ '0.0.1',
683 silly addNameRange     '0.0.2',
683 silly addNameRange     '0.0.3',
683 silly addNameRange     '0.0.4',
683 silly addNameRange     '0.0.5',
683 silly addNameRange     '0.0.6',
683 silly addNameRange     '0.0.7',
683 silly addNameRange     '0.0.8',
683 silly addNameRange     '0.1.0',
683 silly addNameRange     '0.1.1',
683 silly addNameRange     '0.1.2',
683 silly addNameRange     '0.1.3',
683 silly addNameRange     '0.2.0',
683 silly addNameRange     '0.3.0',
683 silly addNameRange     '0.3.1',
683 silly addNameRange     '0.3.2',
683 silly addNameRange     '0.3.3',
683 silly addNameRange     '0.3.4',
683 silly addNameRange     '0.3.5',
683 silly addNameRange     '0.4.0',
683 silly addNameRange     '0.5.0',
683 silly addNameRange     '0.5.1' ] ]
684 verbose addNamed [ 'rc', '0.3.5' ]
685 verbose addNamed [ '0.3.5', '0.3.5' ]
686 silly lockFile 0e486d9c-rc-0-3-5 rc@0.3.5
687 verbose lock rc@0.3.5 /Users/adamgavish/.npm/0e486d9c-rc-0-3-5.lock
688 silly addNameRange number 2 { name: 'yargs', range: '>=1.2.1-0 <1.3.0-0', hasData: true }
689 silly addNameRange versions [ 'yargs',
689 silly addNameRange   [ '1.0.0',
689 silly addNameRange     '1.0.1',
689 silly addNameRange     '1.0.3',
689 silly addNameRange     '1.0.4',
689 silly addNameRange     '1.0.5',
689 silly addNameRange     '1.0.6',
689 silly addNameRange     '1.0.7',
689 silly addNameRange     '1.0.8',
689 silly addNameRange     '1.0.9',
689 silly addNameRange     '1.0.10',
689 silly addNameRange     '1.0.11',
689 silly addNameRange     '1.0.12',
689 silly addNameRange     '1.0.13',
689 silly addNameRange     '1.0.15',
689 silly addNameRange     '1.1.0',
689 silly addNameRange     '1.1.1',
689 silly addNameRange     '1.1.2',
689 silly addNameRange     '1.1.3',
689 silly addNameRange     '1.2.0',
689 silly addNameRange     '1.2.1',
689 silly addNameRange     '1.2.2',
689 silly addNameRange     '1.2.3',
689 silly addNameRange     '1.2.4',
689 silly addNameRange     '1.2.5',
689 silly addNameRange     '1.2.6',
689 silly addNameRange     '1.3.0',
689 silly addNameRange     '1.3.1' ] ]
690 verbose addNamed [ 'yargs', '1.2.6' ]
691 verbose addNamed [ '1.2.6', '1.2.6' ]
692 silly lockFile 6b8b29b1-yargs-1-2-6 yargs@1.2.6
693 verbose lock yargs@1.2.6 /Users/adamgavish/.npm/6b8b29b1-yargs-1-2-6.lock
694 silly lockFile 3c43b82a-gistry-npmjs-org-rc-rc-0-3-5-tgz https://registry.npmjs.org/rc/-/rc-0.3.5.tgz
695 verbose lock https://registry.npmjs.org/rc/-/rc-0.3.5.tgz /Users/adamgavish/.npm/3c43b82a-gistry-npmjs-org-rc-rc-0-3-5-tgz.lock
696 verbose addRemoteTarball [ 'https://registry.npmjs.org/rc/-/rc-0.3.5.tgz',
696 verbose addRemoteTarball   'fce2220593be57aa1296685a7e37ed003dfcc728' ]
697 silly lockFile 66ec9846--npmjs-org-yargs-yargs-1-2-6-tgz https://registry.npmjs.org/yargs/-/yargs-1.2.6.tgz
698 verbose lock https://registry.npmjs.org/yargs/-/yargs-1.2.6.tgz /Users/adamgavish/.npm/66ec9846--npmjs-org-yargs-yargs-1-2-6-tgz.lock
699 verbose addRemoteTarball [ 'https://registry.npmjs.org/yargs/-/yargs-1.2.6.tgz',
699 verbose addRemoteTarball   '9c7b4a82fd5d595b2bf17ab6dcc43135432fe34b' ]
700 info retry fetch attempt 1 at 14:41:31
701 verbose fetch to= /var/folders/22/qvq13kk111sg_dmqxx06snsc0000gn/T/npm-78219-CfzqcUrb/registry.npmjs.org/rc/-/rc-0.3.5.tgz
702 http GET https://registry.npmjs.org/rc/-/rc-0.3.5.tgz
703 info retry fetch attempt 1 at 14:41:31
704 verbose fetch to= /var/folders/22/qvq13kk111sg_dmqxx06snsc0000gn/T/npm-78219-CfzqcUrb/registry.npmjs.org/yargs/-/yargs-1.2.6.tgz
705 http GET https://registry.npmjs.org/yargs/-/yargs-1.2.6.tgz
706 http 200 https://registry.npmjs.org/debug
707 silly registry.get cb [ 200,
707 silly registry.get   { date: 'Mon, 01 Sep 2014 11:41:31 GMT',
707 silly registry.get     server: 'CouchDB/1.5.0 (Erlang OTP/R16B03)',
707 silly registry.get     etag: '"A0H7DJCRL9FSYFV91VFPWKQIF"',
707 silly registry.get     'content-type': 'application/json',
707 silly registry.get     'cache-control': 'max-age=60',
707 silly registry.get     'content-length': '26718',
707 silly registry.get     'accept-ranges': 'bytes',
707 silly registry.get     via: '1.1 varnish',
707 silly registry.get     age: '90',
707 silly registry.get     'x-served-by': 'cache-lcy1121-LCY',
707 silly registry.get     'x-cache': 'HIT',
707 silly registry.get     'x-cache-hits': '2',
707 silly registry.get     'x-timer': 'S1409571691.812584,VS0,VE0',
707 silly registry.get     vary: 'Accept',
707 silly registry.get     'keep-alive': 'timeout=10, max=49',
707 silly registry.get     connection: 'Keep-Alive' } ]
708 http 200 https://registry.npmjs.org/async
709 silly registry.get cb [ 200,
709 silly registry.get   { date: 'Mon, 01 Sep 2014 11:41:31 GMT',
709 silly registry.get     server: 'CouchDB/1.5.0 (Erlang OTP/R16B03)',
709 silly registry.get     etag: '"1VA1DZTJ56N50D6M4LDIPYO1Z"',
709 silly registry.get     'content-type': 'application/json',
709 silly registry.get     'cache-control': 'max-age=60',
709 silly registry.get     'content-length': '104804',
709 silly registry.get     'accept-ranges': 'bytes',
709 silly registry.get     via: '1.1 varnish',
709 silly registry.get     age: '1137',
709 silly registry.get     'x-served-by': 'cache-lcy1123-LCY',
709 silly registry.get     'x-cache': 'HIT',
709 silly registry.get     'x-cache-hits': '2',
709 silly registry.get     'x-timer': 'S1409571691.682196,VS0,VE0',
709 silly registry.get     vary: 'Accept',
709 silly registry.get     'keep-alive': 'timeout=10, max=49',
709 silly registry.get     connection: 'Keep-Alive' } ]
710 http 200 https://registry.npmjs.org/strong-data-uri/-/strong-data-uri-0.1.1.tgz
711 silly addNameRange number 2 { name: 'debug', range: '>=0.8.0-0 <0.9.0-0', hasData: true }
712 silly addNameRange versions [ 'debug',
712 silly addNameRange   [ '0.0.1',
712 silly addNameRange     '0.1.0',
712 silly addNameRange     '0.2.0',
712 silly addNameRange     '0.3.0',
712 silly addNameRange     '0.4.0',
712 silly addNameRange     '0.4.1',
712 silly addNameRange     '0.5.0',
712 silly addNameRange     '0.6.0',
712 silly addNameRange     '0.7.0',
712 silly addNameRange     '0.7.1',
712 silly addNameRange     '0.7.2',
712 silly addNameRange     '0.7.3',
712 silly addNameRange     '0.7.4',
712 silly addNameRange     '0.8.0',
712 silly addNameRange     '0.8.1',
712 silly addNameRange     '1.0.0',
712 silly addNameRange     '1.0.1',
712 silly addNameRange     '1.0.2',
712 silly addNameRange     '1.0.3',
712 silly addNameRange     '1.0.4',
712 silly addNameRange     '2.0.0' ] ]
713 verbose addNamed [ 'debug', '0.8.1' ]
714 verbose addNamed [ '0.8.1', '0.8.1' ]
715 silly lockFile a38530e1-debug-0-8-1 debug@0.8.1
716 verbose lock debug@0.8.1 /Users/adamgavish/.npm/a38530e1-debug-0-8-1.lock
717 http 200 https://registry.npmjs.org/which
718 silly registry.get cb [ 200,
718 silly registry.get   { date: 'Mon, 01 Sep 2014 11:41:31 GMT',
718 silly registry.get     server: 'CouchDB/1.5.0 (Erlang OTP/R14B04)',
718 silly registry.get     etag: '"D1CXA5D4Y90FYSCWAVL67QCU8"',
718 silly registry.get     'content-type': 'application/json',
718 silly registry.get     'cache-control': 'max-age=60',
718 silly registry.get     'content-length': '5408',
718 silly registry.get     'accept-ranges': 'bytes',
718 silly registry.get     via: '1.1 varnish',
718 silly registry.get     age: '1622',
718 silly registry.get     'x-served-by': 'cache-lcy1121-LCY',
718 silly registry.get     'x-cache': 'HIT',
718 silly registry.get     'x-cache-hits': '1',
718 silly registry.get     'x-timer': 'S1409571691.957354,VS0,VE0',
718 silly registry.get     vary: 'Accept',
718 silly registry.get     'keep-alive': 'timeout=10, max=48',
718 silly registry.get     connection: 'Keep-Alive' } ]
719 http 200 https://registry.npmjs.org/glob
720 silly registry.get cb [ 200,
720 silly registry.get   { date: 'Mon, 01 Sep 2014 11:41:31 GMT',
720 silly registry.get     server: 'CouchDB/1.5.0 (Erlang OTP/R16B03)',
720 silly registry.get     etag: '"1WSP1RLX0E4IXUZTYMNGTRIOY"',
720 silly registry.get     'content-type': 'application/json',
720 silly registry.get     'cache-control': 'max-age=60',
720 silly registry.get     'content-length': '52257',
720 silly registry.get     'accept-ranges': 'bytes',
720 silly registry.get     via: '1.1 varnish',
720 silly registry.get     age: '51',
720 silly registry.get     'x-served-by': 'cache-lcy1133-LCY',
720 silly registry.get     'x-cache': 'HIT',
720 silly registry.get     'x-cache-hits': '2',
720 silly registry.get     'x-timer': 'S1409571691.768226,VS0,VE0',
720 silly registry.get     vary: 'Accept',
720 silly registry.get     'keep-alive': 'timeout=10, max=49',
720 silly registry.get     connection: 'Keep-Alive' } ]
721 silly addNameRange number 2 { name: 'async', range: '>=0.8.0-0 <0.9.0-0', hasData: true }
722 silly addNameRange versions [ 'async',
722 silly addNameRange   [ '0.1.0',
722 silly addNameRange     '0.1.1',
722 silly addNameRange     '0.1.2',
722 silly addNameRange     '0.1.3',
722 silly addNameRange     '0.1.4',
722 silly addNameRange     '0.1.5',
722 silly addNameRange     '0.1.6',
722 silly addNameRange     '0.1.7',
722 silly addNameRange     '0.1.8',
722 silly addNameRange     '0.1.9',
722 silly addNameRange     '0.1.10',
722 silly addNameRange     '0.1.11',
722 silly addNameRange     '0.1.12',
722 silly addNameRange     '0.1.13',
722 silly addNameRange     '0.1.14',
722 silly addNameRange     '0.1.15',
722 silly addNameRange     '0.1.16',
722 silly addNameRange     '0.1.17',
722 silly addNameRange     '0.1.18',
722 silly addNameRange     '0.1.19',
722 silly addNameRange     '0.1.20',
722 silly addNameRange     '0.1.21',
722 silly addNameRange     '0.1.22',
722 silly addNameRange     '0.2.0',
722 silly addNameRange     '0.2.1',
722 silly addNameRange     '0.2.2',
722 silly addNameRange     '0.2.3',
722 silly addNameRange     '0.2.4',
722 silly addNameRange     '0.2.5',
722 silly addNameRange     '0.2.6',
722 silly addNameRange     '0.2.7',
722 silly addNameRange     '0.2.8',
722 silly addNameRange     '0.2.9',
722 silly addNameRange     '0.2.10',
722 silly addNameRange     '0.3.0',
722 silly addNameRange     '0.4.0',
722 silly addNameRange     '0.4.1',
722 silly addNameRange     '0.5.0',
722 silly addNameRange     '0.6.0',
722 silly addNameRange     '0.6.1',
722 silly addNameRange     '0.6.2',
722 silly addNameRange     '0.7.0',
722 silly addNameRange     '0.8.0',
722 silly addNameRange     '0.9.0' ] ]
723 verbose addNamed [ 'async', '0.8.0' ]
724 verbose addNamed [ '0.8.0', '0.8.0' ]
725 silly lockFile 3d809785-async-0-8-0 async@0.8.0
726 verbose lock async@0.8.0 /Users/adamgavish/.npm/3d809785-async-0-8-0.lock
727 silly addNameRange number 2 { name: 'which', range: '>=1.0.5-0 <1.1.0-0', hasData: true }
728 silly addNameRange versions [ 'which', [ '1.0.0', '1.0.1', '1.0.2', '1.0.3', '1.0.5' ] ]
729 verbose addNamed [ 'which', '1.0.5' ]
730 verbose addNamed [ '1.0.5', '1.0.5' ]
731 silly lockFile 4aed4494-which-1-0-5 which@1.0.5
732 verbose lock which@1.0.5 /Users/adamgavish/.npm/4aed4494-which-1-0-5.lock
733 silly addNameRange number 2 { name: 'glob', range: '>=3.2.1-0 <3.3.0-0', hasData: true }
734 silly addNameRange versions [ 'glob',
734 silly addNameRange   [ '1.1.0',
734 silly addNameRange     '2.0.9',
734 silly addNameRange     '2.0.8',
734 silly addNameRange     '2.0.7',
734 silly addNameRange     '2.1.0',
734 silly addNameRange     '3.0.0',
734 silly addNameRange     '3.0.1',
734 silly addNameRange     '3.1.0',
734 silly addNameRange     '3.1.1',
734 silly addNameRange     '3.1.2',
734 silly addNameRange     '3.1.3',
734 silly addNameRange     '3.1.4',
734 silly addNameRange     '3.1.5',
734 silly addNameRange     '3.1.6',
734 silly addNameRange     '3.1.7',
734 silly addNameRange     '3.1.9',
734 silly addNameRange     '3.1.10',
734 silly addNameRange     '3.1.11',
734 silly addNameRange     '3.1.12',
734 silly addNameRange     '3.1.13',
734 silly addNameRange     '3.1.14',
734 silly addNameRange     '3.1.15',
734 silly addNameRange     '3.1.16',
734 silly addNameRange     '3.1.17',
734 silly addNameRange     '3.1.18',
734 silly addNameRange     '3.1.19',
734 silly addNameRange     '3.1.20',
734 silly addNameRange     '3.1.21',
734 silly addNameRange     '3.2.0',
734 silly addNameRange     '3.2.1',
734 silly addNameRange     '3.2.3',
734 silly addNameRange     '3.2.4',
734 silly addNameRange     '3.2.5',
734 silly addNameRange     '3.2.6',
734 silly addNameRange     '3.2.7',
734 silly addNameRange     '3.2.8',
734 silly addNameRange     '3.2.9',
734 silly addNameRange     '3.2.10',
734 silly addNameRange     '3.2.11',
734 silly addNameRange     '4.0.0',
734 silly addNameRange     '4.0.1',
734 silly addNameRange     '4.0.2',
734 silly addNameRange     '4.0.3',
734 silly addNameRange     '4.0.4',
734 silly addNameRange     '4.0.5' ] ]
735 verbose addNamed [ 'glob', '3.2.11' ]
736 verbose addNamed [ '3.2.11', '3.2.11' ]
737 silly lockFile 3fffafa6-glob-3-2-11 glob@3.2.11
738 verbose lock glob@3.2.11 /Users/adamgavish/.npm/3fffafa6-glob-3-2-11.lock
739 http 200 https://registry.npmjs.org/opener/-/opener-1.3.0.tgz
740 silly lockFile a38530e1-debug-0-8-1 debug@0.8.1
741 silly lockFile a38530e1-debug-0-8-1 debug@0.8.1
742 silly lockFile cd9af4b6-debug-0-8 debug@~0.8
743 silly lockFile cd9af4b6-debug-0-8 debug@~0.8
744 silly lockFile 3d809785-async-0-8-0 async@0.8.0
745 silly lockFile 3d809785-async-0-8-0 async@0.8.0
746 silly lockFile 0308ee3f-async-0-8 async@~0.8
747 silly lockFile 0308ee3f-async-0-8 async@~0.8
748 verbose about to build /Users/adamgavish/Development/workspace/WhereIsIt/node_modules/node-inspector
749 info /Users/adamgavish/Development/workspace/WhereIsIt/node_modules/node-inspector unbuild
750 info preuninstall node-inspector@0.7.4
751 info uninstall node-inspector@0.7.4
752 http 200 https://registry.npmjs.org/express
753 silly registry.get cb [ 200,
753 silly registry.get   { date: 'Mon, 01 Sep 2014 11:41:31 GMT',
753 silly registry.get     server: 'CouchDB/1.5.0 (Erlang OTP/R16B03)',
753 silly registry.get     etag: '"D68BOP8H1KNW0ST7D65PP4QS0"',
753 silly registry.get     'content-type': 'application/json',
753 silly registry.get     'cache-control': 'max-age=60',
753 silly registry.get     'content-length': '337881',
753 silly registry.get     'accept-ranges': 'bytes',
753 silly registry.get     via: '1.1 varnish',
753 silly registry.get     age: '1802',
753 silly registry.get     'x-served-by': 'cache-lcy1135-LCY',
753 silly registry.get     'x-cache': 'HIT',
753 silly registry.get     'x-cache-hits': '1',
753 silly registry.get     'x-timer': 'S1409571691.637406,VS0,VE1',
753 silly registry.get     vary: 'Accept',
753 silly registry.get     'keep-alive': 'timeout=10, max=50',
753 silly registry.get     connection: 'Keep-Alive' } ]
754 silly lockFile 04440c2d-ta-uri-strong-data-uri-0-1-1-tgz https://registry.npmjs.org/strong-data-uri/-/strong-data-uri-0.1.1.tgz
755 silly lockFile 04440c2d-ta-uri-strong-data-uri-0-1-1-tgz https://registry.npmjs.org/strong-data-uri/-/strong-data-uri-0.1.1.tgz
756 http 200 https://registry.npmjs.org/rc/-/rc-0.3.5.tgz
757 silly lockFile 25cad552-strong-data-uri-0-1-1 strong-data-uri@0.1.1
758 silly lockFile 25cad552-strong-data-uri-0-1-1 strong-data-uri@0.1.1
759 silly lockFile 4aed4494-which-1-0-5 which@1.0.5
760 silly lockFile 4aed4494-which-1-0-5 which@1.0.5
761 silly lockFile 3fffafa6-glob-3-2-11 glob@3.2.11
762 silly lockFile 3fffafa6-glob-3-2-11 glob@3.2.11
763 verbose true,/Users/adamgavish/Development/workspace/WhereIsIt/node_modules,/Users/adamgavish/Development/workspace/WhereIsIt/node_modules unbuild node-inspector@0.7.4
764 verbose /Users/adamgavish/Development/workspace/WhereIsIt/node_modules/.bin,[object Object] binRoot
765 silly lockFile 6f908b79-strong-data-uri-0-1-0 strong-data-uri@~0.1.0
766 silly lockFile 6f908b79-strong-data-uri-0-1-0 strong-data-uri@~0.1.0
767 silly lockFile d158d65e-which-1-0-5 which@~1.0.5
768 silly lockFile d158d65e-which-1-0-5 which@~1.0.5
769 silly lockFile c4e56cfb-glob-3-2-1 glob@~3.2.1
770 silly lockFile c4e56cfb-glob-3-2-1 glob@~3.2.1
771 info postuninstall node-inspector@0.7.4
772 silly addNameRange number 2 { name: 'express', range: '>=4.0.0-0 <4.1.0-0', hasData: true }
773 silly addNameRange versions [ 'express',
773 silly addNameRange   [ '0.14.0',
773 silly addNameRange     '0.14.1',
773 silly addNameRange     '1.0.0',
773 silly addNameRange     '1.0.1',
773 silly addNameRange     '1.0.2',
773 silly addNameRange     '1.0.3',
773 silly addNameRange     '1.0.4',
773 silly addNameRange     '1.0.5',
773 silly addNameRange     '1.0.6',
773 silly addNameRange     '1.0.7',
773 silly addNameRange     '1.0.8',
773 silly addNameRange     '2.0.0',
773 silly addNameRange     '2.1.0',
773 silly addNameRange     '2.1.1',
773 silly addNameRange     '2.2.0',
773 silly addNameRange     '2.2.1',
773 silly addNameRange     '2.2.2',
773 silly addNameRange     '2.3.0',
773 silly addNameRange     '2.3.1',
773 silly addNameRange     '2.3.2',
773 silly addNameRange     '2.3.3',
773 silly addNameRange     '2.3.4',
773 silly addNameRange     '2.3.5',
773 silly addNameRange     '2.3.6',
773 silly addNameRange     '2.3.7',
773 silly addNameRange     '2.3.8',
773 silly addNameRange     '2.3.9',
773 silly addNameRange     '2.3.10',
773 silly addNameRange     '2.3.11',
773 silly addNameRange     '2.3.12',
773 silly addNameRange     '2.4.0',
773 silly addNameRange     '2.4.1',
773 silly addNameRange     '2.4.2',
773 silly addNameRange     '2.4.3',
773 silly addNameRange     '2.4.4',
773 silly addNameRange     '2.4.5',
773 silly addNameRange     '2.4.6',
773 silly addNameRange     '2.4.7',
773 silly addNameRange     '2.5.0',
773 silly addNameRange     '2.5.1',
773 silly addNameRange     '2.5.2',
773 silly addNameRange     '2.5.3',
773 silly addNameRange     '2.5.4',
773 silly addNameRange     '2.5.5',
773 silly addNameRange     '2.5.6',
773 silly addNameRange     '2.5.7',
773 silly addNameRange     '2.5.8',
773 silly addNameRange     '2.5.9',
773 silly addNameRange     '2.5.10',
773 silly addNameRange     '2.5.11',
773 silly addNameRange     '3.0.0',
773 silly addNameRange     '3.0.1',
773 silly addNameRange     '3.0.2',
773 silly addNameRange     '3.0.3',
773 silly addNameRange     '3.0.4',
773 silly addNameRange     '3.0.5',
773 silly addNameRange     '3.0.6',
773 silly addNameRange     '3.1.0',
773 silly addNameRange     '3.1.1',
773 silly addNameRange     '3.1.2',
773 silly addNameRange     '3.2.0',
773 silly addNameRange     '3.2.1',
773 silly addNameRange     '3.2.2',
773 silly addNameRange     '3.2.3',
773 silly addNameRange     '3.2.4',
773 silly addNameRange     '3.2.5',
773 silly addNameRange     '3.2.6',
773 silly addNameRange     '3.3.0',
773 silly addNameRange     '3.3.1',
773 silly addNameRange     '3.3.2',
773 silly addNameRange     '3.3.3',
773 silly addNameRange     '3.3.4',
773 silly addNameRange     '3.3.5',
773 silly addNameRange     '3.3.6',
773 silly addNameRange     '1.0.0-beta',
773 silly addNameRange     '1.0.0-beta2',
773 silly addNameRange     '1.0.0-rc',
773 silly addNameRange     '1.0.0-rc2',
773 silly addNameRange     '1.0.0-rc3',
773 silly addNameRange     '1.0.0-rc4',
773 silly addNameRange     '2.0.0-beta',
773 silly addNameRange     '2.0.0-beta2',
773 silly addNameRange     '2.0.0-beta3',
773 silly addNameRange     '2.0.0-rc',
773 silly addNameRange     '2.0.0-rc2',
773 silly addNameRange     '2.0.0-rc3',
773 silly addNameRange     '3.0.0-alpha1',
773 silly addNameRange     '3.0.0-alpha2',
773 silly addNameRange     '3.0.0-alpha3',
773 silly addNameRange     '3.0.0-alpha4',
773 silly addNameRange     '3.0.0-alpha5',
773 silly addNameRange     '3.0.0-beta1',
773 silly addNameRange     '3.0.0-beta2',
773 silly addNameRange     '3.0.0-beta3',
773 silly addNameRange     '3.0.0-beta4',
773 silly addNameRange     '3.0.0-beta6',
773 silly addNameRange     '3.0.0-beta7',
773 silly addNameRange     '3.0.0-rc1',
773 silly addNameRange     '3.0.0-rc2',
773 silly addNameRange     '3.0.0-rc3',
773 silly addNameRange     '3.0.0-rc4',
773 silly addNameRange     '3.0.0-rc5',
773 silly addNameRange     '3.3.7',
773 silly addNameRange     '3.3.8',
773 silly addNameRange     '3.4.0',
773 silly addNameRange     '3.4.1',
773 silly addNameRange     '3.4.2',
773 silly addNameRange     '3.4.3',
773 silly addNameRange     '3.4.4',
773 silly addNameRange     '3.4.5',
773 silly addNameRange     '3.4.6',
773 silly addNameRange     '3.4.7',
773 silly addNameRange     '3.4.8',
773 silly addNameRange     '4.0.0-rc1',
773 silly addNameRange     '4.0.0-rc2',
773 silly addNameRange     '3.5.0',
773 silly addNameRange     '4.0.0-rc3',
773 silly addNameRange     '4.0.0-rc4',
773 silly addNameRange     '3.5.1',
773 silly addNameRange     '4.0.0',
773 silly addNameRange     '3.5.2',
773 silly addNameRange     '4.1.0',
773 silly addNameRange     '4.1.1',
773 silly addNameRange     '3.5.3',
773 silly addNameRange     '4.1.2',
773 silly addNameRange     '3.6.0',
773 silly addNameRange     '4.2.0',
773 silly addNameRange     '3.7.0',
773 silly addNameRange     '3.8.0',
773 silly addNameRange     '4.3.0',
773 silly addNameRange     '4.3.1',
773 silly addNameRange     '3.8.1',
773 silly addNameRange     '4.3.2',
773 silly addNameRange     '3.9.0',
773 silly addNameRange     '4.4.0',
773 silly addNameRange     '4.4.1',
773 silly addNameRange     '3.10.0',
773 silly addNameRange     '3.10.1',
773 silly addNameRange     '3.10.2',
773 silly addNameRange     '3.10.3',
773 silly addNameRange     '3.10.4',
773 silly addNameRange     '4.4.2',
773 silly addNameRange     '3.10.5',
773 silly addNameRange     '4.4.3',
773 silly addNameRange     '3.11.0',
773 silly addNameRange     '4.4.4',
773 silly addNameRange     '3.12.0',
773 silly addNameRange     '3.12.1',
773 silly addNameRange     '4.4.5',
773 silly addNameRange     '3.13.0',
773 silly addNameRange     '4.5.0',
773 silly addNameRange     '4.5.1',
773 silly addNameRange     '3.14.0',
773 silly addNameRange     '4.6.0',
773 silly addNameRange     '4.6.1',
773 silly addNameRange     '3.15.0',
773 silly addNameRange     '4.7.0',
773 silly addNameRange     '3.15.1',
773 silly addNameRange     '4.7.1',
773 silly addNameRange     '3.15.2',
773 silly addNameRange     '4.7.2',
773 silly addNameRange     '4.7.3',
773 silly addNameRange     '3.15.3',
773 silly addNameRange     '4.7.4',
773 silly addNameRange     '3.16.0',
773 silly addNameRange     '4.8.0',
773 silly addNameRange     '3.16.1',
773 silly addNameRange     '4.8.1',
773 silly addNameRange     '3.16.2',
773 silly addNameRange     '4.8.2',
773 silly addNameRange     '3.16.3',
773 silly addNameRange     '3.16.4',
773 silly addNameRange     '4.8.3',
773 silly addNameRange     '3.16.5',
773 silly addNameRange     '3.16.6',
773 silly addNameRange     '4.8.4',
773 silly addNameRange     '3.16.7',
773 silly addNameRange     '4.8.5',
773 silly addNameRange     '3.16.8',
773 silly addNameRange     '4.8.6',
773 silly addNameRange     '3.16.9',
773 silly addNameRange     '4.8.7' ] ]
774 verbose addNamed [ 'express', '4.0.0' ]
775 verbose addNamed [ '4.0.0', '4.0.0' ]
776 silly lockFile 5b69df19-express-4-0-0 express@4.0.0
777 verbose lock express@4.0.0 /Users/adamgavish/.npm/5b69df19-express-4-0-0.lock
778 http 200 https://registry.npmjs.org/ws
779 silly registry.get cb [ 200,
779 silly registry.get   { date: 'Mon, 01 Sep 2014 11:41:31 GMT',
779 silly registry.get     server: 'CouchDB/1.5.0 (Erlang OTP/R16B03)',
779 silly registry.get     etag: '"BHO4Y9YBO8TGH89FFO2EVM85E"',
779 silly registry.get     'content-type': 'application/json',
779 silly registry.get     'cache-control': 'max-age=60',
779 silly registry.get     'content-length': '57609',
779 silly registry.get     'accept-ranges': 'bytes',
779 silly registry.get     via: '1.1 varnish',
779 silly registry.get     age: '788',
779 silly registry.get     'x-served-by': 'cache-lcy1121-LCY',
779 silly registry.get     'x-cache': 'HIT',
779 silly registry.get     'x-cache-hits': '1',
779 silly registry.get     'x-timer': 'S1409571691.822327,VS0,VE0',
779 silly registry.get     vary: 'Accept',
779 silly registry.get     'keep-alive': 'timeout=10, max=49',
779 silly registry.get     connection: 'Keep-Alive' } ]
780 http 200 https://registry.npmjs.org/yargs/-/yargs-1.2.6.tgz
781 silly lockFile a435220e-js-org-express-express-4-0-0-tgz https://registry.npmjs.org/express/-/express-4.0.0.tgz
782 verbose lock https://registry.npmjs.org/express/-/express-4.0.0.tgz /Users/adamgavish/.npm/a435220e-js-org-express-express-4-0-0-tgz.lock
783 silly lockFile e0b65f85-pmjs-org-opener-opener-1-3-0-tgz https://registry.npmjs.org/opener/-/opener-1.3.0.tgz
784 silly lockFile e0b65f85-pmjs-org-opener-opener-1-3-0-tgz https://registry.npmjs.org/opener/-/opener-1.3.0.tgz
785 verbose addRemoteTarball [ 'https://registry.npmjs.org/express/-/express-4.0.0.tgz',
785 verbose addRemoteTarball   '274dc82933c9f574cc38a0ce5ea8172be9c6b094' ]
786 silly lockFile 58123698-opener-1-3-0 opener@1.3.0
787 silly lockFile 58123698-opener-1-3-0 opener@1.3.0
788 silly lockFile 531881c0-opener-1-3-0 opener@~1.3.0
789 silly lockFile 531881c0-opener-1-3-0 opener@~1.3.0
790 info retry fetch attempt 1 at 14:41:32
791 verbose fetch to= /var/folders/22/qvq13kk111sg_dmqxx06snsc0000gn/T/npm-78219-CfzqcUrb/registry.npmjs.org/express/-/express-4.0.0.tgz
792 silly addNameRange number 2 { name: 'ws', range: '>=0.4.31-0 <0.5.0-0', hasData: true }
793 silly addNameRange versions [ 'ws',
793 silly addNameRange   [ '0.2.6',
793 silly addNameRange     '0.2.8',
793 silly addNameRange     '0.2.9',
793 silly addNameRange     '0.3.0',
793 silly addNameRange     '0.3.1',
793 silly addNameRange     '0.3.2',
793 silly addNameRange     '0.3.3',
793 silly addNameRange     '0.3.4',
793 silly addNameRange     '0.3.4-2',
793 silly addNameRange     '0.3.5',
793 silly addNameRange     '0.3.5-2',
793 silly addNameRange     '0.3.5-3',
793 silly addNameRange     '0.3.5-4',
793 silly addNameRange     '0.3.6',
793 silly addNameRange     '0.3.7',
793 silly addNameRange     '0.3.8',
793 silly addNameRange     '0.3.9',
793 silly addNameRange     '0.4.0',
793 silly addNameRange     '0.4.1',
793 silly addNameRange     '0.4.2',
793 silly addNameRange     '0.4.3',
793 silly addNameRange     '0.4.5',
793 silly addNameRange     '0.4.6',
793 silly addNameRange     '0.4.7',
793 silly addNameRange     '0.4.8',
793 silly addNameRange     '0.4.9',
793 silly addNameRange     '0.4.10',
793 silly addNameRange     '0.4.11',
793 silly addNameRange     '0.4.12',
793 silly addNameRange     '0.4.13',
793 silly addNameRange     '0.4.14',
793 silly addNameRange     '0.4.15',
793 silly addNameRange     '0.4.16',
793 silly addNameRange     '0.4.17',
793 silly addNameRange     '0.4.18',
793 silly addNameRange     '0.4.19',
793 silly addNameRange     '0.4.20',
793 silly addNameRange     '0.4.21',
793 silly addNameRange     '0.4.22',
793 silly addNameRange     '0.4.23',
793 silly addNameRange     '0.4.24',
793 silly addNameRange     '0.4.25',
793 silly addNameRange     '0.4.27',
793 silly addNameRange     '0.4.28',
793 silly addNameRange     '0.4.29',
793 silly addNameRange     '0.4.30',
793 silly addNameRange     '0.4.31',
793 silly addNameRange     '0.4.32' ] ]
794 verbose addNamed [ 'ws', '0.4.32' ]
795 verbose addNamed [ '0.4.32', '0.4.32' ]
796 silly lockFile d580c141-ws-0-4-32 ws@0.4.32
797 verbose lock ws@0.4.32 /Users/adamgavish/.npm/d580c141-ws-0-4-32.lock
798 silly lockFile 3c43b82a-gistry-npmjs-org-rc-rc-0-3-5-tgz https://registry.npmjs.org/rc/-/rc-0.3.5.tgz
799 silly lockFile 3c43b82a-gistry-npmjs-org-rc-rc-0-3-5-tgz https://registry.npmjs.org/rc/-/rc-0.3.5.tgz
800 http GET https://registry.npmjs.org/express/-/express-4.0.0.tgz
801 silly lockFile 0e486d9c-rc-0-3-5 rc@0.3.5
802 silly lockFile 0e486d9c-rc-0-3-5 rc@0.3.5
803 silly lockFile 39a36d3e-istry-npmjs-org-ws-ws-0-4-32-tgz https://registry.npmjs.org/ws/-/ws-0.4.32.tgz
804 verbose lock https://registry.npmjs.org/ws/-/ws-0.4.32.tgz /Users/adamgavish/.npm/39a36d3e-istry-npmjs-org-ws-ws-0-4-32-tgz.lock
805 silly lockFile 1e251ea5-rc-0-3-0 rc@~0.3.0
806 silly lockFile 1e251ea5-rc-0-3-0 rc@~0.3.0
807 verbose addRemoteTarball [ 'https://registry.npmjs.org/ws/-/ws-0.4.32.tgz',
807 verbose addRemoteTarball   '787a6154414f3c99ed83c5772153b20feb0cec32' ]
808 error Error: EACCES, open '/Users/adamgavish/.npm/debug/0.8.1/package/package.json'
808 error  { [Error: EACCES, open '/Users/adamgavish/.npm/debug/0.8.1/package/package.json']
808 error   errno: 3,
808 error   code: 'EACCES',
808 error   path: '/Users/adamgavish/.npm/debug/0.8.1/package/package.json',
808 error   parent: 'node-inspector' }
809 error Please try running this command again as root/Administrator.
810 error System Darwin 13.3.0
811 error command "node" "/usr/local/bin/npm" "install" "node-inspector"
812 error cwd /Users/adamgavish/Development/workspace/WhereIsIt
813 error node -v v0.10.29
814 error npm -v 1.4.14
815 error path /Users/adamgavish/.npm/debug/0.8.1/package/package.json
816 error code EACCES
817 error errno 3
818 error stack Error: EACCES, open '/Users/adamgavish/.npm/debug/0.8.1/package/package.json'
819 verbose exit [ 3, true ]
